{"D:\\MyProject\\mlyknown\\tiny-entity\\indexedDB\\dataContextIndexedDB.js":{"path":"D:\\MyProject\\mlyknown\\tiny-entity\\indexedDB\\dataContextIndexedDB.js","s":{"1":1,"2":0,"3":1,"4":0,"5":0,"6":0,"7":1,"8":0,"9":0,"10":0,"11":1,"12":0,"13":0,"14":0,"15":1,"16":0,"17":0,"18":0,"19":0,"20":0,"21":0,"22":0,"23":0,"24":0,"25":0,"26":0,"27":0,"28":0,"29":0,"30":0,"31":0,"32":0,"33":0,"34":0,"35":0,"36":0,"37":0,"38":0,"39":0,"40":0,"41":0,"42":0,"43":0,"44":0,"45":0,"46":0,"47":0,"48":0,"49":0,"50":0,"51":0,"52":0,"53":0,"54":0,"55":0,"56":0,"57":0,"58":0,"59":0,"60":0,"61":0,"62":0,"63":0,"64":0,"65":0,"66":0,"67":0,"68":0,"69":0,"70":0,"71":0,"72":0,"73":0,"74":0,"75":0,"76":0,"77":0,"78":0,"79":0,"80":0,"81":0,"82":0,"83":0,"84":0,"85":0,"86":0,"87":0,"88":0,"89":0,"90":0,"91":0,"92":0,"93":0,"94":0,"95":0,"96":0,"97":0,"98":0,"99":0,"100":0,"101":0,"102":0,"103":0,"104":0,"105":0,"106":0,"107":0,"108":0,"109":0,"110":0,"111":0,"112":0,"113":0,"114":0,"115":0,"116":0,"117":0,"118":0,"119":0,"120":0,"121":0,"122":0,"123":0,"124":0,"125":0,"126":0,"127":0,"128":0,"129":0,"130":0,"131":0,"132":0,"133":0,"134":0,"135":0,"136":0,"137":0,"138":0,"139":0,"140":0,"141":0,"142":0,"143":0,"144":0,"145":0,"146":0,"147":0,"148":0,"149":0,"150":0,"151":0,"152":1,"153":1,"154":1,"155":1,"156":1,"157":1,"158":1,"159":1,"160":1,"161":1,"162":1},"b":{"1":[1,1,1],"2":[0,0],"3":[0,0],"4":[0,0],"5":[0,0],"6":[0,0],"7":[0,0],"8":[0,0],"9":[0,0],"10":[0,0],"11":[0,0],"12":[0,0],"13":[0,0],"14":[0,0],"15":[0,0],"16":[0,0],"17":[0,0],"18":[0,0],"19":[0,0],"20":[0,0],"21":[0,0],"22":[0,0],"23":[0,0],"24":[0,0],"25":[0,0],"26":[0,0],"27":[0,0],"28":[0,0],"29":[0,0],"30":[0,0],"31":[0,0],"32":[0,0],"33":[0,0],"34":[0,0],"35":[0,0],"36":[0,0],"37":[0,0],"38":[0,0],"39":[0,0],"40":[0,0],"41":[0,0,0],"42":[0,0],"43":[0,0],"44":[0,0],"45":[0,0],"46":[0,0],"47":[1,1]},"f":{"1":0,"2":0,"3":0,"4":0,"5":0,"6":0,"7":0,"8":0,"9":0,"10":0,"11":0,"12":0,"13":0,"14":0,"15":0,"16":0,"17":0,"18":0,"19":0,"20":0,"21":0,"22":0,"23":0,"24":0,"25":0,"26":0,"27":1},"fnMap":{"1":{"name":"(anonymous_1)","line":2,"loc":{"start":{"line":2,"column":44},"end":{"line":2,"column":89}}},"2":{"name":"(anonymous_2)","line":3,"loc":{"start":{"line":3,"column":36},"end":{"line":3,"column":63}}},"3":{"name":"fulfilled","line":4,"loc":{"start":{"line":4,"column":8},"end":{"line":4,"column":34}}},"4":{"name":"rejected","line":5,"loc":{"start":{"line":5,"column":8},"end":{"line":5,"column":33}}},"5":{"name":"step","line":6,"loc":{"start":{"line":6,"column":8},"end":{"line":6,"column":30}}},"6":{"name":"(anonymous_6)","line":6,"loc":{"start":{"line":6,"column":76},"end":{"line":6,"column":95}}},"7":{"name":"(anonymous_7)","line":12,"loc":{"start":{"line":12,"column":15},"end":{"line":12,"column":49}}},"8":{"name":"(anonymous_8)","line":20,"loc":{"start":{"line":20,"column":10},"end":{"line":20,"column":16}}},"9":{"name":"(anonymous_9)","line":32,"loc":{"start":{"line":32,"column":10},"end":{"line":32,"column":16}}},"10":{"name":"(anonymous_10)","line":45,"loc":{"start":{"line":45,"column":9},"end":{"line":45,"column":18}}},"11":{"name":"(anonymous_11)","line":46,"loc":{"start":{"line":46,"column":47},"end":{"line":46,"column":60}}},"12":{"name":"(anonymous_12)","line":60,"loc":{"start":{"line":60,"column":10},"end":{"line":60,"column":16}}},"13":{"name":"(anonymous_13)","line":72,"loc":{"start":{"line":72,"column":22},"end":{"line":72,"column":59}}},"14":{"name":"(anonymous_14)","line":79,"loc":{"start":{"line":79,"column":12},"end":{"line":79,"column":39}}},"15":{"name":"(anonymous_15)","line":85,"loc":{"start":{"line":85,"column":10},"end":{"line":85,"column":27}}},"16":{"name":"(anonymous_16)","line":90,"loc":{"start":{"line":90,"column":15},"end":{"line":90,"column":35}}},"17":{"name":"(anonymous_17)","line":91,"loc":{"start":{"line":91,"column":47},"end":{"line":91,"column":60}}},"18":{"name":"(anonymous_18)","line":218,"loc":{"start":{"line":218,"column":8},"end":{"line":218,"column":15}}},"19":{"name":"(anonymous_19)","line":229,"loc":{"start":{"line":229,"column":18},"end":{"line":229,"column":27}}},"20":{"name":"(anonymous_20)","line":230,"loc":{"start":{"line":230,"column":47},"end":{"line":230,"column":60}}},"21":{"name":"(anonymous_21)","line":242,"loc":{"start":{"line":242,"column":25},"end":{"line":242,"column":30}}},"22":{"name":"(anonymous_22)","line":256,"loc":{"start":{"line":256,"column":9},"end":{"line":256,"column":39}}},"23":{"name":"(anonymous_23)","line":272,"loc":{"start":{"line":272,"column":20},"end":{"line":272,"column":23}}},"24":{"name":"(anonymous_24)","line":274,"loc":{"start":{"line":274,"column":10},"end":{"line":274,"column":13}}},"25":{"name":"(anonymous_25)","line":276,"loc":{"start":{"line":276,"column":9},"end":{"line":276,"column":19}}},"26":{"name":"(anonymous_26)","line":278,"loc":{"start":{"line":278,"column":12},"end":{"line":278,"column":15}}},"27":{"name":"(anonymous_27)","line":282,"loc":{"start":{"line":282,"column":1},"end":{"line":282,"column":28}}}},"statementMap":{"1":{"start":{"line":2,"column":0},"end":{"line":9,"column":2}},"2":{"start":{"line":3,"column":4},"end":{"line":8,"column":7}},"3":{"start":{"line":4,"column":8},"end":{"line":4,"column":99}},"4":{"start":{"line":4,"column":36},"end":{"line":4,"column":97}},"5":{"start":{"line":4,"column":42},"end":{"line":4,"column":70}},"6":{"start":{"line":4,"column":85},"end":{"line":4,"column":95}},"7":{"start":{"line":5,"column":8},"end":{"line":5,"column":99}},"8":{"start":{"line":5,"column":35},"end":{"line":5,"column":97}},"9":{"start":{"line":5,"column":41},"end":{"line":5,"column":70}},"10":{"start":{"line":5,"column":85},"end":{"line":5,"column":95}},"11":{"start":{"line":6,"column":8},"end":{"line":6,"column":151}},"12":{"start":{"line":6,"column":32},"end":{"line":6,"column":149}},"13":{"start":{"line":6,"column":97},"end":{"line":6,"column":119}},"14":{"start":{"line":7,"column":8},"end":{"line":7,"column":72}},"15":{"start":{"line":10,"column":0},"end":{"line":10,"column":43}},"16":{"start":{"line":13,"column":8},"end":{"line":13,"column":27}},"17":{"start":{"line":14,"column":8},"end":{"line":14,"column":31}},"18":{"start":{"line":15,"column":8},"end":{"line":15,"column":29}},"19":{"start":{"line":16,"column":8},"end":{"line":16,"column":35}},"20":{"start":{"line":17,"column":8},"end":{"line":17,"column":41}},"21":{"start":{"line":18,"column":8},"end":{"line":18,"column":97}},"22":{"start":{"line":21,"column":8},"end":{"line":30,"column":11}},"23":{"start":{"line":22,"column":12},"end":{"line":29,"column":20}},"24":{"start":{"line":27,"column":24},"end":{"line":27,"column":35}},"25":{"start":{"line":33,"column":8},"end":{"line":42,"column":11}},"26":{"start":{"line":34,"column":12},"end":{"line":41,"column":20}},"27":{"start":{"line":39,"column":24},"end":{"line":39,"column":35}},"28":{"start":{"line":46,"column":8},"end":{"line":58,"column":11}},"29":{"start":{"line":47,"column":12},"end":{"line":47,"column":105}},"30":{"start":{"line":48,"column":12},"end":{"line":48,"column":56}},"31":{"start":{"line":49,"column":12},"end":{"line":57,"column":15}},"32":{"start":{"line":50,"column":16},"end":{"line":50,"column":44}},"33":{"start":{"line":51,"column":16},"end":{"line":53,"column":18}},"34":{"start":{"line":52,"column":20},"end":{"line":52,"column":33}},"35":{"start":{"line":54,"column":16},"end":{"line":56,"column":18}},"36":{"start":{"line":55,"column":20},"end":{"line":55,"column":32}},"37":{"start":{"line":61,"column":8},"end":{"line":70,"column":11}},"38":{"start":{"line":62,"column":12},"end":{"line":69,"column":20}},"39":{"start":{"line":67,"column":24},"end":{"line":67,"column":35}},"40":{"start":{"line":73,"column":8},"end":{"line":77,"column":11}},"41":{"start":{"line":80,"column":8},"end":{"line":82,"column":9}},"42":{"start":{"line":81,"column":12},"end":{"line":81,"column":80}},"43":{"start":{"line":83,"column":8},"end":{"line":83,"column":66}},"44":{"start":{"line":86,"column":8},"end":{"line":88,"column":9}},"45":{"start":{"line":87,"column":12},"end":{"line":87,"column":38}},"46":{"start":{"line":91,"column":8},"end":{"line":216,"column":11}},"47":{"start":{"line":92,"column":12},"end":{"line":215,"column":13}},"48":{"start":{"line":93,"column":16},"end":{"line":93,"column":65}},"49":{"start":{"line":94,"column":16},"end":{"line":206,"column":19}},"50":{"start":{"line":95,"column":20},"end":{"line":95,"column":75}},"51":{"start":{"line":96,"column":20},"end":{"line":205,"column":21}},"52":{"start":{"line":97,"column":24},"end":{"line":97,"column":76}},"53":{"start":{"line":98,"column":24},"end":{"line":98,"column":49}},"54":{"start":{"line":99,"column":24},"end":{"line":102,"column":26}},"55":{"start":{"line":100,"column":28},"end":{"line":100,"column":56}},"56":{"start":{"line":101,"column":28},"end":{"line":101,"column":84}},"57":{"start":{"line":104,"column":25},"end":{"line":205,"column":21}},"58":{"start":{"line":105,"column":24},"end":{"line":121,"column":27}},"59":{"start":{"line":106,"column":28},"end":{"line":120,"column":29}},"60":{"start":{"line":107,"column":32},"end":{"line":116,"column":54}},"61":{"start":{"line":108,"column":36},"end":{"line":108,"column":60}},"62":{"start":{"line":109,"column":36},"end":{"line":109,"column":49}},"63":{"start":{"line":110,"column":36},"end":{"line":110,"column":54}},"64":{"start":{"line":111,"column":36},"end":{"line":111,"column":65}},"65":{"start":{"line":112,"column":36},"end":{"line":112,"column":78}},"66":{"start":{"line":113,"column":36},"end":{"line":113,"column":92}},"67":{"start":{"line":116,"column":36},"end":{"line":116,"column":54}},"68":{"start":{"line":119,"column":32},"end":{"line":119,"column":88}},"69":{"start":{"line":123,"column":25},"end":{"line":205,"column":21}},"70":{"start":{"line":124,"column":24},"end":{"line":137,"column":27}},"71":{"start":{"line":125,"column":28},"end":{"line":136,"column":29}},"72":{"start":{"line":126,"column":32},"end":{"line":131,"column":33}},"73":{"start":{"line":127,"column":36},"end":{"line":127,"column":67}},"74":{"start":{"line":128,"column":36},"end":{"line":130,"column":38}},"75":{"start":{"line":129,"column":40},"end":{"line":129,"column":57}},"76":{"start":{"line":132,"column":32},"end":{"line":132,"column":50}},"77":{"start":{"line":135,"column":32},"end":{"line":135,"column":77}},"78":{"start":{"line":139,"column":25},"end":{"line":205,"column":21}},"79":{"start":{"line":140,"column":24},"end":{"line":140,"column":48}},"80":{"start":{"line":141,"column":24},"end":{"line":151,"column":27}},"81":{"start":{"line":142,"column":28},"end":{"line":150,"column":29}},"82":{"start":{"line":143,"column":32},"end":{"line":145,"column":33}},"83":{"start":{"line":144,"column":36},"end":{"line":144,"column":70}},"84":{"start":{"line":146,"column":32},"end":{"line":146,"column":50}},"85":{"start":{"line":149,"column":32},"end":{"line":149,"column":79}},"86":{"start":{"line":153,"column":25},"end":{"line":205,"column":21}},"87":{"start":{"line":154,"column":24},"end":{"line":154,"column":48}},"88":{"start":{"line":155,"column":24},"end":{"line":163,"column":27}},"89":{"start":{"line":156,"column":28},"end":{"line":162,"column":29}},"90":{"start":{"line":157,"column":32},"end":{"line":157,"column":66}},"91":{"start":{"line":158,"column":32},"end":{"line":158,"column":50}},"92":{"start":{"line":161,"column":32},"end":{"line":161,"column":79}},"93":{"start":{"line":165,"column":25},"end":{"line":205,"column":21}},"94":{"start":{"line":166,"column":24},"end":{"line":177,"column":27}},"95":{"start":{"line":167,"column":28},"end":{"line":176,"column":29}},"96":{"start":{"line":168,"column":32},"end":{"line":172,"column":54}},"97":{"start":{"line":169,"column":36},"end":{"line":169,"column":73}},"98":{"start":{"line":172,"column":36},"end":{"line":172,"column":54}},"99":{"start":{"line":175,"column":32},"end":{"line":175,"column":70}},"100":{"start":{"line":179,"column":25},"end":{"line":205,"column":21}},"101":{"start":{"line":180,"column":24},"end":{"line":180,"column":44}},"102":{"start":{"line":181,"column":24},"end":{"line":191,"column":27}},"103":{"start":{"line":182,"column":28},"end":{"line":190,"column":29}},"104":{"start":{"line":183,"column":32},"end":{"line":186,"column":33}},"105":{"start":{"line":184,"column":36},"end":{"line":184,"column":50}},"106":{"start":{"line":185,"column":36},"end":{"line":185,"column":54}},"107":{"start":{"line":189,"column":32},"end":{"line":189,"column":76}},"108":{"start":{"line":193,"column":25},"end":{"line":205,"column":21}},"109":{"start":{"line":194,"column":24},"end":{"line":204,"column":27}},"110":{"start":{"line":195,"column":28},"end":{"line":203,"column":69}},"111":{"start":{"line":196,"column":32},"end":{"line":196,"column":53}},"112":{"start":{"line":197,"column":32},"end":{"line":200,"column":54}},"113":{"start":{"line":198,"column":36},"end":{"line":198,"column":70}},"114":{"start":{"line":200,"column":36},"end":{"line":200,"column":54}},"115":{"start":{"line":203,"column":32},"end":{"line":203,"column":69}},"116":{"start":{"line":207,"column":16},"end":{"line":207,"column":39}},"117":{"start":{"line":208,"column":16},"end":{"line":210,"column":18}},"118":{"start":{"line":209,"column":20},"end":{"line":209,"column":43}},"119":{"start":{"line":211,"column":16},"end":{"line":214,"column":18}},"120":{"start":{"line":212,"column":20},"end":{"line":212,"column":43}},"121":{"start":{"line":213,"column":20},"end":{"line":213,"column":56}},"122":{"start":{"line":219,"column":8},"end":{"line":226,"column":9}},"123":{"start":{"line":220,"column":12},"end":{"line":225,"column":13}},"124":{"start":{"line":221,"column":16},"end":{"line":221,"column":47}},"125":{"start":{"line":224,"column":16},"end":{"line":224,"column":32}},"126":{"start":{"line":227,"column":8},"end":{"line":227,"column":17}},"127":{"start":{"line":230,"column":8},"end":{"line":240,"column":11}},"128":{"start":{"line":231,"column":12},"end":{"line":231,"column":65}},"129":{"start":{"line":232,"column":12},"end":{"line":232,"column":71}},"130":{"start":{"line":233,"column":12},"end":{"line":233,"column":56}},"131":{"start":{"line":234,"column":12},"end":{"line":234,"column":40}},"132":{"start":{"line":235,"column":12},"end":{"line":239,"column":15}},"133":{"start":{"line":236,"column":16},"end":{"line":238,"column":18}},"134":{"start":{"line":237,"column":20},"end":{"line":237,"column":44}},"135":{"start":{"line":243,"column":8},"end":{"line":243,"column":61}},"136":{"start":{"line":244,"column":8},"end":{"line":244,"column":25}},"137":{"start":{"line":245,"column":8},"end":{"line":253,"column":11}},"138":{"start":{"line":246,"column":12},"end":{"line":246,"column":39}},"139":{"start":{"line":247,"column":12},"end":{"line":252,"column":13}},"140":{"start":{"line":248,"column":16},"end":{"line":248,"column":66}},"141":{"start":{"line":250,"column":17},"end":{"line":252,"column":13}},"142":{"start":{"line":251,"column":16},"end":{"line":251,"column":65}},"143":{"start":{"line":254,"column":8},"end":{"line":254,"column":55}},"144":{"start":{"line":257,"column":8},"end":{"line":258,"column":24}},"145":{"start":{"line":258,"column":12},"end":{"line":258,"column":24}},"146":{"start":{"line":259,"column":8},"end":{"line":269,"column":9}},"147":{"start":{"line":260,"column":12},"end":{"line":268,"column":13}},"148":{"start":{"line":261,"column":16},"end":{"line":267,"column":17}},"149":{"start":{"line":264,"column":20},"end":{"line":266,"column":21}},"150":{"start":{"line":265,"column":24},"end":{"line":265,"column":55}},"151":{"start":{"line":270,"column":8},"end":{"line":270,"column":27}},"152":{"start":{"line":281,"column":0},"end":{"line":281,"column":52}},"153":{"start":{"line":282,"column":0},"end":{"line":291,"column":62}},"154":{"start":{"line":283,"column":4},"end":{"line":283,"column":62}},"155":{"start":{"line":284,"column":4},"end":{"line":284,"column":62}},"156":{"start":{"line":285,"column":4},"end":{"line":285,"column":62}},"157":{"start":{"line":286,"column":4},"end":{"line":286,"column":62}},"158":{"start":{"line":287,"column":4},"end":{"line":287,"column":68}},"159":{"start":{"line":288,"column":4},"end":{"line":288,"column":72}},"160":{"start":{"line":289,"column":4},"end":{"line":289,"column":72}},"161":{"start":{"line":290,"column":4},"end":{"line":290,"column":68}},"162":{"start":{"line":292,"column":0},"end":{"line":292,"column":46}}},"branchMap":{"1":{"line":2,"type":"binary-expr","locations":[{"start":{"line":2,"column":17},"end":{"line":2,"column":21}},{"start":{"line":2,"column":25},"end":{"line":2,"column":39}},{"start":{"line":2,"column":44},"end":{"line":9,"column":1}}]},"2":{"line":3,"type":"binary-expr","locations":[{"start":{"line":3,"column":16},"end":{"line":3,"column":17}},{"start":{"line":3,"column":22},"end":{"line":3,"column":33}}]},"3":{"line":6,"type":"cond-expr","locations":[{"start":{"line":6,"column":46},"end":{"line":6,"column":67}},{"start":{"line":6,"column":70},"end":{"line":6,"column":148}}]},"4":{"line":80,"type":"if","locations":[{"start":{"line":80,"column":8},"end":{"line":80,"column":8}},{"start":{"line":80,"column":8},"end":{"line":80,"column":8}}]},"5":{"line":92,"type":"if","locations":[{"start":{"line":92,"column":12},"end":{"line":92,"column":12}},{"start":{"line":92,"column":12},"end":{"line":92,"column":12}}]},"6":{"line":92,"type":"binary-expr","locations":[{"start":{"line":92,"column":16},"end":{"line":92,"column":18}},{"start":{"line":92,"column":22},"end":{"line":92,"column":35}}]},"7":{"line":96,"type":"if","locations":[{"start":{"line":96,"column":20},"end":{"line":96,"column":20}},{"start":{"line":96,"column":20},"end":{"line":96,"column":20}}]},"8":{"line":101,"type":"binary-expr","locations":[{"start":{"line":101,"column":28},"end":{"line":101,"column":45}},{"start":{"line":101,"column":49},"end":{"line":101,"column":83}}]},"9":{"line":104,"type":"if","locations":[{"start":{"line":104,"column":25},"end":{"line":104,"column":25}},{"start":{"line":104,"column":25},"end":{"line":104,"column":25}}]},"10":{"line":106,"type":"if","locations":[{"start":{"line":106,"column":28},"end":{"line":106,"column":28}},{"start":{"line":106,"column":28},"end":{"line":106,"column":28}}]},"11":{"line":107,"type":"if","locations":[{"start":{"line":107,"column":32},"end":{"line":107,"column":32}},{"start":{"line":107,"column":32},"end":{"line":107,"column":32}}]},"12":{"line":113,"type":"binary-expr","locations":[{"start":{"line":113,"column":36},"end":{"line":113,"column":53}},{"start":{"line":113,"column":57},"end":{"line":113,"column":91}}]},"13":{"line":119,"type":"binary-expr","locations":[{"start":{"line":119,"column":32},"end":{"line":119,"column":49}},{"start":{"line":119,"column":53},"end":{"line":119,"column":87}}]},"14":{"line":123,"type":"if","locations":[{"start":{"line":123,"column":25},"end":{"line":123,"column":25}},{"start":{"line":123,"column":25},"end":{"line":123,"column":25}}]},"15":{"line":125,"type":"if","locations":[{"start":{"line":125,"column":28},"end":{"line":125,"column":28}},{"start":{"line":125,"column":28},"end":{"line":125,"column":28}}]},"16":{"line":126,"type":"if","locations":[{"start":{"line":126,"column":32},"end":{"line":126,"column":32}},{"start":{"line":126,"column":32},"end":{"line":126,"column":32}}]},"17":{"line":135,"type":"binary-expr","locations":[{"start":{"line":135,"column":32},"end":{"line":135,"column":49}},{"start":{"line":135,"column":53},"end":{"line":135,"column":76}}]},"18":{"line":139,"type":"if","locations":[{"start":{"line":139,"column":25},"end":{"line":139,"column":25}},{"start":{"line":139,"column":25},"end":{"line":139,"column":25}}]},"19":{"line":142,"type":"if","locations":[{"start":{"line":142,"column":28},"end":{"line":142,"column":28}},{"start":{"line":142,"column":28},"end":{"line":142,"column":28}}]},"20":{"line":143,"type":"if","locations":[{"start":{"line":143,"column":32},"end":{"line":143,"column":32}},{"start":{"line":143,"column":32},"end":{"line":143,"column":32}}]},"21":{"line":149,"type":"binary-expr","locations":[{"start":{"line":149,"column":32},"end":{"line":149,"column":45}},{"start":{"line":149,"column":49},"end":{"line":149,"column":78}}]},"22":{"line":153,"type":"if","locations":[{"start":{"line":153,"column":25},"end":{"line":153,"column":25}},{"start":{"line":153,"column":25},"end":{"line":153,"column":25}}]},"23":{"line":156,"type":"if","locations":[{"start":{"line":156,"column":28},"end":{"line":156,"column":28}},{"start":{"line":156,"column":28},"end":{"line":156,"column":28}}]},"24":{"line":161,"type":"binary-expr","locations":[{"start":{"line":161,"column":32},"end":{"line":161,"column":45}},{"start":{"line":161,"column":49},"end":{"line":161,"column":78}}]},"25":{"line":165,"type":"if","locations":[{"start":{"line":165,"column":25},"end":{"line":165,"column":25}},{"start":{"line":165,"column":25},"end":{"line":165,"column":25}}]},"26":{"line":167,"type":"if","locations":[{"start":{"line":167,"column":28},"end":{"line":167,"column":28}},{"start":{"line":167,"column":28},"end":{"line":167,"column":28}}]},"27":{"line":168,"type":"if","locations":[{"start":{"line":168,"column":32},"end":{"line":168,"column":32}},{"start":{"line":168,"column":32},"end":{"line":168,"column":32}}]},"28":{"line":169,"type":"binary-expr","locations":[{"start":{"line":169,"column":36},"end":{"line":169,"column":49}},{"start":{"line":169,"column":53},"end":{"line":169,"column":72}}]},"29":{"line":175,"type":"binary-expr","locations":[{"start":{"line":175,"column":32},"end":{"line":175,"column":45}},{"start":{"line":175,"column":49},"end":{"line":175,"column":69}}]},"30":{"line":179,"type":"if","locations":[{"start":{"line":179,"column":25},"end":{"line":179,"column":25}},{"start":{"line":179,"column":25},"end":{"line":179,"column":25}}]},"31":{"line":182,"type":"if","locations":[{"start":{"line":182,"column":28},"end":{"line":182,"column":28}},{"start":{"line":182,"column":28},"end":{"line":182,"column":28}}]},"32":{"line":183,"type":"if","locations":[{"start":{"line":183,"column":32},"end":{"line":183,"column":32}},{"start":{"line":183,"column":32},"end":{"line":183,"column":32}}]},"33":{"line":189,"type":"binary-expr","locations":[{"start":{"line":189,"column":32},"end":{"line":189,"column":45}},{"start":{"line":189,"column":49},"end":{"line":189,"column":75}}]},"34":{"line":193,"type":"if","locations":[{"start":{"line":193,"column":25},"end":{"line":193,"column":25}},{"start":{"line":193,"column":25},"end":{"line":193,"column":25}}]},"35":{"line":195,"type":"if","locations":[{"start":{"line":195,"column":28},"end":{"line":195,"column":28}},{"start":{"line":195,"column":28},"end":{"line":195,"column":28}}]},"36":{"line":197,"type":"if","locations":[{"start":{"line":197,"column":32},"end":{"line":197,"column":32}},{"start":{"line":197,"column":32},"end":{"line":197,"column":32}}]},"37":{"line":198,"type":"binary-expr","locations":[{"start":{"line":198,"column":36},"end":{"line":198,"column":49}},{"start":{"line":198,"column":53},"end":{"line":198,"column":69}}]},"38":{"line":203,"type":"binary-expr","locations":[{"start":{"line":203,"column":32},"end":{"line":203,"column":45}},{"start":{"line":203,"column":49},"end":{"line":203,"column":68}}]},"39":{"line":220,"type":"if","locations":[{"start":{"line":220,"column":12},"end":{"line":220,"column":12}},{"start":{"line":220,"column":12},"end":{"line":220,"column":12}}]},"40":{"line":247,"type":"if","locations":[{"start":{"line":247,"column":12},"end":{"line":247,"column":12}},{"start":{"line":247,"column":12},"end":{"line":247,"column":12}}]},"41":{"line":247,"type":"binary-expr","locations":[{"start":{"line":247,"column":16},"end":{"line":247,"column":56}},{"start":{"line":247,"column":60},"end":{"line":247,"column":100}},{"start":{"line":247,"column":104},"end":{"line":247,"column":144}}]},"42":{"line":250,"type":"if","locations":[{"start":{"line":250,"column":17},"end":{"line":250,"column":17}},{"start":{"line":250,"column":17},"end":{"line":250,"column":17}}]},"43":{"line":257,"type":"if","locations":[{"start":{"line":257,"column":8},"end":{"line":257,"column":8}},{"start":{"line":257,"column":8},"end":{"line":257,"column":8}}]},"44":{"line":260,"type":"if","locations":[{"start":{"line":260,"column":12},"end":{"line":260,"column":12}},{"start":{"line":260,"column":12},"end":{"line":260,"column":12}}]},"45":{"line":261,"type":"if","locations":[{"start":{"line":261,"column":16},"end":{"line":261,"column":16}},{"start":{"line":261,"column":16},"end":{"line":261,"column":16}}]},"46":{"line":264,"type":"if","locations":[{"start":{"line":264,"column":20},"end":{"line":264,"column":20}},{"start":{"line":264,"column":20},"end":{"line":264,"column":20}}]},"47":{"line":291,"type":"binary-expr","locations":[{"start":{"line":291,"column":3},"end":{"line":291,"column":26}},{"start":{"line":291,"column":31},"end":{"line":291,"column":59}}]}}},"D:\\MyProject\\mlyknown\\tiny-entity\\indexedDB\\indexedDB.js":{"path":"D:\\MyProject\\mlyknown\\tiny-entity\\indexedDB\\indexedDB.js","s":{"1":1,"2":0,"3":1,"4":0,"5":0,"6":0,"7":1,"8":0,"9":0,"10":0,"11":1,"12":0,"13":0,"14":0,"15":0,"16":0,"17":0,"18":0,"19":0,"20":0,"21":0,"22":0,"23":0,"24":0,"25":0,"26":0,"27":0,"28":0,"29":0,"30":0,"31":0,"32":0,"33":0,"34":0,"35":0,"36":0,"37":0,"38":0,"39":0,"40":0,"41":0,"42":0,"43":0,"44":0,"45":0,"46":0,"47":0,"48":0,"49":0,"50":0,"51":0,"52":1,"53":3,"54":3,"55":0,"56":0,"57":1,"58":1,"59":1,"60":1},"b":{"1":[1,1,1],"2":[0,0],"3":[0,0],"4":[0,0],"5":[0,0],"6":[0,0],"7":[0,0],"8":[0,0]},"f":{"1":0,"2":0,"3":0,"4":0,"5":0,"6":0,"7":0,"8":0,"9":0,"10":0,"11":0,"12":0,"13":0,"14":0,"15":0,"16":0,"17":0,"18":3,"19":0,"20":0},"fnMap":{"1":{"name":"(anonymous_1)","line":2,"loc":{"start":{"line":2,"column":44},"end":{"line":2,"column":89}}},"2":{"name":"(anonymous_2)","line":3,"loc":{"start":{"line":3,"column":36},"end":{"line":3,"column":63}}},"3":{"name":"fulfilled","line":4,"loc":{"start":{"line":4,"column":8},"end":{"line":4,"column":34}}},"4":{"name":"rejected","line":5,"loc":{"start":{"line":5,"column":8},"end":{"line":5,"column":33}}},"5":{"name":"step","line":6,"loc":{"start":{"line":6,"column":8},"end":{"line":6,"column":30}}},"6":{"name":"(anonymous_6)","line":6,"loc":{"start":{"line":6,"column":76},"end":{"line":6,"column":95}}},"7":{"name":"(anonymous_7)","line":11,"loc":{"start":{"line":11,"column":15},"end":{"line":11,"column":43}}},"8":{"name":"(anonymous_8)","line":17,"loc":{"start":{"line":17,"column":8},"end":{"line":17,"column":11}}},"9":{"name":"(anonymous_9)","line":44,"loc":{"start":{"line":44,"column":18},"end":{"line":44,"column":34}}},"10":{"name":"(anonymous_10)","line":45,"loc":{"start":{"line":45,"column":47},"end":{"line":45,"column":60}}},"11":{"name":"(anonymous_11)","line":52,"loc":{"start":{"line":52,"column":12},"end":{"line":52,"column":28}}},"12":{"name":"(anonymous_12)","line":55,"loc":{"start":{"line":55,"column":17},"end":{"line":55,"column":36}}},"13":{"name":"(anonymous_13)","line":58,"loc":{"start":{"line":58,"column":18},"end":{"line":58,"column":37}}},"14":{"name":"(anonymous_14)","line":63,"loc":{"start":{"line":63,"column":13},"end":{"line":63,"column":32}}},"15":{"name":"(anonymous_15)","line":68,"loc":{"start":{"line":68,"column":11},"end":{"line":68,"column":30}}},"16":{"name":"(anonymous_16)","line":75,"loc":{"start":{"line":75,"column":9},"end":{"line":75,"column":12}}},"17":{"name":"(anonymous_17)","line":78,"loc":{"start":{"line":78,"column":18},"end":{"line":78,"column":27}}},"18":{"name":"(anonymous_18)","line":84,"loc":{"start":{"line":84,"column":15},"end":{"line":84,"column":29}}},"19":{"name":"(anonymous_19)","line":88,"loc":{"start":{"line":88,"column":12},"end":{"line":88,"column":15}}},"20":{"name":"(anonymous_20)","line":91,"loc":{"start":{"line":91,"column":13},"end":{"line":91,"column":16}}}},"statementMap":{"1":{"start":{"line":2,"column":0},"end":{"line":9,"column":2}},"2":{"start":{"line":3,"column":4},"end":{"line":8,"column":7}},"3":{"start":{"line":4,"column":8},"end":{"line":4,"column":99}},"4":{"start":{"line":4,"column":36},"end":{"line":4,"column":97}},"5":{"start":{"line":4,"column":42},"end":{"line":4,"column":70}},"6":{"start":{"line":4,"column":85},"end":{"line":4,"column":95}},"7":{"start":{"line":5,"column":8},"end":{"line":5,"column":99}},"8":{"start":{"line":5,"column":35},"end":{"line":5,"column":97}},"9":{"start":{"line":5,"column":41},"end":{"line":5,"column":70}},"10":{"start":{"line":5,"column":85},"end":{"line":5,"column":95}},"11":{"start":{"line":6,"column":8},"end":{"line":6,"column":151}},"12":{"start":{"line":6,"column":32},"end":{"line":6,"column":149}},"13":{"start":{"line":6,"column":97},"end":{"line":6,"column":119}},"14":{"start":{"line":7,"column":8},"end":{"line":7,"column":72}},"15":{"start":{"line":12,"column":8},"end":{"line":12,"column":65}},"16":{"start":{"line":13,"column":8},"end":{"line":13,"column":29}},"17":{"start":{"line":14,"column":8},"end":{"line":14,"column":35}},"18":{"start":{"line":15,"column":8},"end":{"line":15,"column":29}},"19":{"start":{"line":18,"column":8},"end":{"line":18,"column":72}},"20":{"start":{"line":19,"column":8},"end":{"line":33,"column":10}},"21":{"start":{"line":20,"column":12},"end":{"line":20,"column":46}},"22":{"start":{"line":21,"column":12},"end":{"line":21,"column":26}},"23":{"start":{"line":22,"column":12},"end":{"line":32,"column":15}},"24":{"start":{"line":23,"column":16},"end":{"line":25,"column":17}},"25":{"start":{"line":24,"column":20},"end":{"line":24,"column":57}},"26":{"start":{"line":26,"column":16},"end":{"line":26,"column":90}},"27":{"start":{"line":27,"column":16},"end":{"line":31,"column":17}},"28":{"start":{"line":28,"column":20},"end":{"line":30,"column":23}},"29":{"start":{"line":29,"column":24},"end":{"line":29,"column":116}},"30":{"start":{"line":34,"column":8},"end":{"line":42,"column":11}},"31":{"start":{"line":35,"column":12},"end":{"line":38,"column":14}},"32":{"start":{"line":36,"column":16},"end":{"line":36,"column":44}},"33":{"start":{"line":37,"column":16},"end":{"line":37,"column":34}},"34":{"start":{"line":39,"column":12},"end":{"line":41,"column":14}},"35":{"start":{"line":40,"column":16},"end":{"line":40,"column":28}},"36":{"start":{"line":45,"column":8},"end":{"line":50,"column":11}},"37":{"start":{"line":46,"column":12},"end":{"line":48,"column":13}},"38":{"start":{"line":47,"column":16},"end":{"line":47,"column":45}},"39":{"start":{"line":49,"column":12},"end":{"line":49,"column":61}},"40":{"start":{"line":53,"column":8},"end":{"line":53,"column":41}},"41":{"start":{"line":56,"column":8},"end":{"line":56,"column":38}},"42":{"start":{"line":59,"column":8},"end":{"line":61,"column":10}},"43":{"start":{"line":60,"column":12},"end":{"line":60,"column":34}},"44":{"start":{"line":64,"column":8},"end":{"line":66,"column":10}},"45":{"start":{"line":65,"column":12},"end":{"line":65,"column":34}},"46":{"start":{"line":69,"column":8},"end":{"line":69,"column":38}},"47":{"start":{"line":70,"column":8},"end":{"line":70,"column":41}},"48":{"start":{"line":71,"column":8},"end":{"line":73,"column":10}},"49":{"start":{"line":72,"column":12},"end":{"line":72,"column":40}},"50":{"start":{"line":76,"column":8},"end":{"line":76,"column":25}},"51":{"start":{"line":79,"column":8},"end":{"line":79,"column":47}},"52":{"start":{"line":82,"column":0},"end":{"line":82,"column":40}},"53":{"start":{"line":85,"column":8},"end":{"line":85,"column":26}},"54":{"start":{"line":86,"column":8},"end":{"line":86,"column":28}},"55":{"start":{"line":89,"column":8},"end":{"line":89,"column":26}},"56":{"start":{"line":92,"column":8},"end":{"line":92,"column":27}},"57":{"start":{"line":95,"column":0},"end":{"line":95,"column":71}},"58":{"start":{"line":96,"column":0},"end":{"line":96,"column":73}},"59":{"start":{"line":97,"column":0},"end":{"line":97,"column":83}},"60":{"start":{"line":98,"column":0},"end":{"line":98,"column":48}}},"branchMap":{"1":{"line":2,"type":"binary-expr","locations":[{"start":{"line":2,"column":17},"end":{"line":2,"column":21}},{"start":{"line":2,"column":25},"end":{"line":2,"column":39}},{"start":{"line":2,"column":44},"end":{"line":9,"column":1}}]},"2":{"line":3,"type":"binary-expr","locations":[{"start":{"line":3,"column":16},"end":{"line":3,"column":17}},{"start":{"line":3,"column":22},"end":{"line":3,"column":33}}]},"3":{"line":6,"type":"cond-expr","locations":[{"start":{"line":6,"column":46},"end":{"line":6,"column":67}},{"start":{"line":6,"column":70},"end":{"line":6,"column":148}}]},"4":{"line":12,"type":"binary-expr","locations":[{"start":{"line":12,"column":26},"end":{"line":12,"column":42}},{"start":{"line":12,"column":46},"end":{"line":12,"column":64}}]},"5":{"line":23,"type":"if","locations":[{"start":{"line":23,"column":16},"end":{"line":23,"column":16}},{"start":{"line":23,"column":16},"end":{"line":23,"column":16}}]},"6":{"line":27,"type":"if","locations":[{"start":{"line":27,"column":16},"end":{"line":27,"column":16}},{"start":{"line":27,"column":16},"end":{"line":27,"column":16}}]},"7":{"line":46,"type":"if","locations":[{"start":{"line":46,"column":12},"end":{"line":46,"column":12}},{"start":{"line":46,"column":12},"end":{"line":46,"column":12}}]},"8":{"line":72,"type":"binary-expr","locations":[{"start":{"line":72,"column":12},"end":{"line":72,"column":14}},{"start":{"line":72,"column":18},"end":{"line":72,"column":39}}]}}},"D:\\MyProject\\mlyknown\\tiny-entity\\mysql\\dataContextMysql.js":{"path":"D:\\MyProject\\mlyknown\\tiny-entity\\mysql\\dataContextMysql.js","s":{"1":1,"2":0,"3":1,"4":0,"5":0,"6":0,"7":1,"8":0,"9":0,"10":0,"11":1,"12":0,"13":0,"14":0,"15":1,"16":1,"17":1,"18":0,"19":0,"20":0,"21":0,"22":0,"23":0,"24":0,"25":0,"26":0,"27":0,"28":0,"29":0,"30":0,"31":0,"32":0,"33":0,"34":0,"35":0,"36":0,"37":0,"38":0,"39":0,"40":0,"41":0,"42":0,"43":0,"44":0,"45":0,"46":0,"47":0,"48":0,"49":0,"50":0,"51":0,"52":0,"53":0,"54":0,"55":0,"56":0,"57":0,"58":0,"59":0,"60":0,"61":0,"62":0,"63":0,"64":0,"65":0,"66":0,"67":0,"68":0,"69":0,"70":0,"71":0,"72":0,"73":0,"74":0,"75":0,"76":0,"77":0,"78":0,"79":0,"80":0,"81":0,"82":0,"83":0,"84":0,"85":0,"86":0,"87":0,"88":0,"89":0,"90":0,"91":0,"92":0,"93":0,"94":0,"95":0,"96":0,"97":0,"98":0,"99":0,"100":0,"101":0,"102":0,"103":0,"104":0,"105":0,"106":0,"107":0,"108":0,"109":0,"110":0,"111":0,"112":0,"113":0,"114":0,"115":0,"116":0,"117":0,"118":0,"119":0,"120":0,"121":0,"122":0,"123":1},"b":{"1":[1,1,1],"2":[0,0],"3":[0,0],"4":[0,0],"5":[0,0],"6":[0,0],"7":[0,0],"8":[0,0],"9":[0,0,0],"10":[0,0],"11":[0,0],"12":[0,0],"13":[0,0],"14":[0,0],"15":[0,0],"16":[0,0],"17":[0,0],"18":[0,0],"19":[0,0],"20":[0,0],"21":[0,0],"22":[0,0],"23":[0,0,0],"24":[0,0],"25":[0,0],"26":[0,0],"27":[0,0],"28":[0,0],"29":[0,0],"30":[0,0,0],"31":[0,0],"32":[0,0],"33":[0,0]},"f":{"1":0,"2":0,"3":0,"4":0,"5":0,"6":0,"7":0,"8":0,"9":0,"10":0,"11":0,"12":0,"13":0,"14":0,"15":0,"16":0,"17":0,"18":0,"19":0,"20":0,"21":0,"22":0,"23":0},"fnMap":{"1":{"name":"(anonymous_1)","line":2,"loc":{"start":{"line":2,"column":44},"end":{"line":2,"column":89}}},"2":{"name":"(anonymous_2)","line":3,"loc":{"start":{"line":3,"column":36},"end":{"line":3,"column":63}}},"3":{"name":"fulfilled","line":4,"loc":{"start":{"line":4,"column":8},"end":{"line":4,"column":34}}},"4":{"name":"rejected","line":5,"loc":{"start":{"line":5,"column":8},"end":{"line":5,"column":33}}},"5":{"name":"step","line":6,"loc":{"start":{"line":6,"column":8},"end":{"line":6,"column":30}}},"6":{"name":"(anonymous_6)","line":6,"loc":{"start":{"line":6,"column":76},"end":{"line":6,"column":95}}},"7":{"name":"(anonymous_7)","line":14,"loc":{"start":{"line":14,"column":15},"end":{"line":14,"column":24}}},"8":{"name":"(anonymous_8)","line":20,"loc":{"start":{"line":20,"column":10},"end":{"line":20,"column":16}}},"9":{"name":"(anonymous_9)","line":21,"loc":{"start":{"line":21,"column":47},"end":{"line":21,"column":60}}},"10":{"name":"(anonymous_10)","line":35,"loc":{"start":{"line":35,"column":10},"end":{"line":35,"column":16}}},"11":{"name":"(anonymous_11)","line":36,"loc":{"start":{"line":36,"column":47},"end":{"line":36,"column":60}}},"12":{"name":"(anonymous_12)","line":65,"loc":{"start":{"line":65,"column":10},"end":{"line":65,"column":16}}},"13":{"name":"(anonymous_13)","line":75,"loc":{"start":{"line":75,"column":20},"end":{"line":75,"column":23}}},"14":{"name":"(anonymous_14)","line":78,"loc":{"start":{"line":78,"column":10},"end":{"line":78,"column":13}}},"15":{"name":"(anonymous_15)","line":82,"loc":{"start":{"line":82,"column":83},"end":{"line":82,"column":96}}},"16":{"name":"(anonymous_16)","line":110,"loc":{"start":{"line":110,"column":14},"end":{"line":110,"column":26}}},"17":{"name":"(anonymous_17)","line":111,"loc":{"start":{"line":111,"column":47},"end":{"line":111,"column":60}}},"18":{"name":"(anonymous_18)","line":124,"loc":{"start":{"line":124,"column":12},"end":{"line":124,"column":15}}},"19":{"name":"(anonymous_19)","line":125,"loc":{"start":{"line":125,"column":9},"end":{"line":125,"column":18}}},"20":{"name":"(anonymous_20)","line":129,"loc":{"start":{"line":129,"column":12},"end":{"line":129,"column":21}}},"21":{"name":"(anonymous_21)","line":147,"loc":{"start":{"line":147,"column":18},"end":{"line":147,"column":24}}},"22":{"name":"(anonymous_22)","line":171,"loc":{"start":{"line":171,"column":20},"end":{"line":171,"column":28}}},"23":{"name":"(anonymous_23)","line":176,"loc":{"start":{"line":176,"column":14},"end":{"line":176,"column":23}}}},"statementMap":{"1":{"start":{"line":2,"column":0},"end":{"line":9,"column":2}},"2":{"start":{"line":3,"column":4},"end":{"line":8,"column":7}},"3":{"start":{"line":4,"column":8},"end":{"line":4,"column":99}},"4":{"start":{"line":4,"column":36},"end":{"line":4,"column":97}},"5":{"start":{"line":4,"column":42},"end":{"line":4,"column":70}},"6":{"start":{"line":4,"column":85},"end":{"line":4,"column":95}},"7":{"start":{"line":5,"column":8},"end":{"line":5,"column":99}},"8":{"start":{"line":5,"column":35},"end":{"line":5,"column":97}},"9":{"start":{"line":5,"column":41},"end":{"line":5,"column":70}},"10":{"start":{"line":5,"column":85},"end":{"line":5,"column":95}},"11":{"start":{"line":6,"column":8},"end":{"line":6,"column":151}},"12":{"start":{"line":6,"column":32},"end":{"line":6,"column":149}},"13":{"start":{"line":6,"column":97},"end":{"line":6,"column":119}},"14":{"start":{"line":7,"column":8},"end":{"line":7,"column":72}},"15":{"start":{"line":10,"column":0},"end":{"line":10,"column":31}},"16":{"start":{"line":11,"column":0},"end":{"line":11,"column":50}},"17":{"start":{"line":12,"column":0},"end":{"line":12,"column":14}},"18":{"start":{"line":15,"column":8},"end":{"line":15,"column":35}},"19":{"start":{"line":16,"column":8},"end":{"line":16,"column":32}},"20":{"start":{"line":17,"column":8},"end":{"line":18,"column":49}},"21":{"start":{"line":18,"column":12},"end":{"line":18,"column":49}},"22":{"start":{"line":21,"column":8},"end":{"line":33,"column":11}},"23":{"start":{"line":22,"column":12},"end":{"line":22,"column":57}},"24":{"start":{"line":23,"column":12},"end":{"line":23,"column":46}},"25":{"start":{"line":24,"column":12},"end":{"line":24,"column":114}},"26":{"start":{"line":25,"column":12},"end":{"line":25,"column":32}},"27":{"start":{"line":26,"column":12},"end":{"line":32,"column":13}},"28":{"start":{"line":27,"column":16},"end":{"line":27,"column":48}},"29":{"start":{"line":30,"column":16},"end":{"line":30,"column":52}},"30":{"start":{"line":31,"column":16},"end":{"line":31,"column":63}},"31":{"start":{"line":36,"column":8},"end":{"line":63,"column":11}},"32":{"start":{"line":37,"column":12},"end":{"line":37,"column":62}},"33":{"start":{"line":38,"column":12},"end":{"line":38,"column":27}},"34":{"start":{"line":39,"column":12},"end":{"line":53,"column":13}},"35":{"start":{"line":40,"column":16},"end":{"line":52,"column":17}},"36":{"start":{"line":41,"column":20},"end":{"line":42,"column":33}},"37":{"start":{"line":42,"column":24},"end":{"line":42,"column":33}},"38":{"start":{"line":43,"column":20},"end":{"line":51,"column":21}},"39":{"start":{"line":44,"column":24},"end":{"line":44,"column":64}},"40":{"start":{"line":46,"column":25},"end":{"line":51,"column":21}},"41":{"start":{"line":47,"column":24},"end":{"line":47,"column":104}},"42":{"start":{"line":50,"column":24},"end":{"line":50,"column":57}},"43":{"start":{"line":54,"column":12},"end":{"line":54,"column":70}},"44":{"start":{"line":55,"column":12},"end":{"line":55,"column":43}},"45":{"start":{"line":56,"column":12},"end":{"line":62,"column":13}},"46":{"start":{"line":57,"column":16},"end":{"line":57,"column":48}},"47":{"start":{"line":60,"column":16},"end":{"line":60,"column":52}},"48":{"start":{"line":61,"column":16},"end":{"line":61,"column":63}},"49":{"start":{"line":66,"column":8},"end":{"line":66,"column":85}},"50":{"start":{"line":67,"column":8},"end":{"line":67,"column":39}},"51":{"start":{"line":68,"column":8},"end":{"line":73,"column":9}},"52":{"start":{"line":69,"column":12},"end":{"line":69,"column":44}},"53":{"start":{"line":72,"column":12},"end":{"line":72,"column":41}},"54":{"start":{"line":76,"column":8},"end":{"line":76,"column":34}},"55":{"start":{"line":79,"column":8},"end":{"line":80,"column":19}},"56":{"start":{"line":80,"column":12},"end":{"line":80,"column":19}},"57":{"start":{"line":81,"column":8},"end":{"line":108,"column":11}},"58":{"start":{"line":82,"column":12},"end":{"line":107,"column":16}},"59":{"start":{"line":82,"column":51},"end":{"line":107,"column":14}},"60":{"start":{"line":83,"column":16},"end":{"line":86,"column":17}},"61":{"start":{"line":84,"column":20},"end":{"line":84,"column":35}},"62":{"start":{"line":85,"column":20},"end":{"line":85,"column":32}},"63":{"start":{"line":87,"column":16},"end":{"line":92,"column":19}},"64":{"start":{"line":88,"column":20},"end":{"line":91,"column":21}},"65":{"start":{"line":89,"column":24},"end":{"line":89,"column":39}},"66":{"start":{"line":90,"column":24},"end":{"line":90,"column":36}},"67":{"start":{"line":93,"column":16},"end":{"line":95,"column":17}},"68":{"start":{"line":94,"column":20},"end":{"line":94,"column":61}},"69":{"start":{"line":96,"column":16},"end":{"line":106,"column":19}},"70":{"start":{"line":97,"column":20},"end":{"line":101,"column":27}},"71":{"start":{"line":98,"column":24},"end":{"line":101,"column":27}},"72":{"start":{"line":99,"column":28},"end":{"line":99,"column":43}},"73":{"start":{"line":100,"column":28},"end":{"line":100,"column":40}},"74":{"start":{"line":102,"column":20},"end":{"line":102,"column":44}},"75":{"start":{"line":103,"column":20},"end":{"line":103,"column":47}},"76":{"start":{"line":104,"column":20},"end":{"line":104,"column":35}},"77":{"start":{"line":105,"column":20},"end":{"line":105,"column":34}},"78":{"start":{"line":111,"column":8},"end":{"line":122,"column":11}},"79":{"start":{"line":112,"column":12},"end":{"line":121,"column":15}},"80":{"start":{"line":113,"column":16},"end":{"line":120,"column":19}},"81":{"start":{"line":114,"column":20},"end":{"line":119,"column":21}},"82":{"start":{"line":115,"column":24},"end":{"line":115,"column":62}},"83":{"start":{"line":115,"column":46},"end":{"line":115,"column":58}},"84":{"start":{"line":118,"column":24},"end":{"line":118,"column":40}},"85":{"start":{"line":126,"column":8},"end":{"line":126,"column":28}},"86":{"start":{"line":127,"column":8},"end":{"line":127,"column":37}},"87":{"start":{"line":130,"column":8},"end":{"line":145,"column":11}},"88":{"start":{"line":131,"column":12},"end":{"line":144,"column":15}},"89":{"start":{"line":132,"column":16},"end":{"line":132,"column":59}},"90":{"start":{"line":133,"column":16},"end":{"line":136,"column":17}},"91":{"start":{"line":134,"column":20},"end":{"line":134,"column":35}},"92":{"start":{"line":135,"column":20},"end":{"line":135,"column":32}},"93":{"start":{"line":137,"column":16},"end":{"line":143,"column":19}},"94":{"start":{"line":138,"column":20},"end":{"line":138,"column":35}},"95":{"start":{"line":139,"column":20},"end":{"line":142,"column":38}},"96":{"start":{"line":140,"column":24},"end":{"line":140,"column":36}},"97":{"start":{"line":142,"column":24},"end":{"line":142,"column":38}},"98":{"start":{"line":148,"column":8},"end":{"line":148,"column":36}},"99":{"start":{"line":149,"column":8},"end":{"line":149,"column":37}},"100":{"start":{"line":150,"column":8},"end":{"line":168,"column":9}},"101":{"start":{"line":151,"column":12},"end":{"line":167,"column":13}},"102":{"start":{"line":152,"column":16},"end":{"line":153,"column":29}},"103":{"start":{"line":153,"column":20},"end":{"line":153,"column":29}},"104":{"start":{"line":154,"column":16},"end":{"line":154,"column":43}},"105":{"start":{"line":155,"column":16},"end":{"line":166,"column":17}},"106":{"start":{"line":156,"column":20},"end":{"line":156,"column":81}},"107":{"start":{"line":158,"column":21},"end":{"line":166,"column":17}},"108":{"start":{"line":159,"column":20},"end":{"line":159,"column":65}},"109":{"start":{"line":161,"column":21},"end":{"line":166,"column":17}},"110":{"start":{"line":162,"column":20},"end":{"line":162,"column":105}},"111":{"start":{"line":165,"column":20},"end":{"line":165,"column":53}},"112":{"start":{"line":169,"column":8},"end":{"line":169,"column":92}},"113":{"start":{"line":172,"column":8},"end":{"line":173,"column":25}},"114":{"start":{"line":173,"column":12},"end":{"line":173,"column":25}},"115":{"start":{"line":174,"column":8},"end":{"line":174,"column":102}},"116":{"start":{"line":177,"column":8},"end":{"line":185,"column":10}},"117":{"start":{"line":186,"column":8},"end":{"line":187,"column":94}},"118":{"start":{"line":187,"column":12},"end":{"line":187,"column":94}},"119":{"start":{"line":188,"column":8},"end":{"line":190,"column":124}},"120":{"start":{"line":189,"column":12},"end":{"line":190,"column":124}},"121":{"start":{"line":190,"column":16},"end":{"line":190,"column":124}},"122":{"start":{"line":191,"column":8},"end":{"line":191,"column":19}},"123":{"start":{"line":194,"column":0},"end":{"line":194,"column":44}}},"branchMap":{"1":{"line":2,"type":"binary-expr","locations":[{"start":{"line":2,"column":17},"end":{"line":2,"column":21}},{"start":{"line":2,"column":25},"end":{"line":2,"column":39}},{"start":{"line":2,"column":44},"end":{"line":9,"column":1}}]},"2":{"line":3,"type":"binary-expr","locations":[{"start":{"line":3,"column":16},"end":{"line":3,"column":17}},{"start":{"line":3,"column":22},"end":{"line":3,"column":33}}]},"3":{"line":6,"type":"cond-expr","locations":[{"start":{"line":6,"column":46},"end":{"line":6,"column":67}},{"start":{"line":6,"column":70},"end":{"line":6,"column":148}}]},"4":{"line":17,"type":"if","locations":[{"start":{"line":17,"column":8},"end":{"line":17,"column":8}},{"start":{"line":17,"column":8},"end":{"line":17,"column":8}}]},"5":{"line":26,"type":"if","locations":[{"start":{"line":26,"column":12},"end":{"line":26,"column":12}},{"start":{"line":26,"column":12},"end":{"line":26,"column":12}}]},"6":{"line":40,"type":"if","locations":[{"start":{"line":40,"column":16},"end":{"line":40,"column":16}},{"start":{"line":40,"column":16},"end":{"line":40,"column":16}}]},"7":{"line":40,"type":"binary-expr","locations":[{"start":{"line":40,"column":20},"end":{"line":40,"column":51}},{"start":{"line":40,"column":55},"end":{"line":40,"column":66}}]},"8":{"line":41,"type":"if","locations":[{"start":{"line":41,"column":20},"end":{"line":41,"column":20}},{"start":{"line":41,"column":20},"end":{"line":41,"column":20}}]},"9":{"line":41,"type":"binary-expr","locations":[{"start":{"line":41,"column":24},"end":{"line":41,"column":45}},{"start":{"line":41,"column":49},"end":{"line":41,"column":65}},{"start":{"line":41,"column":69},"end":{"line":41,"column":83}}]},"10":{"line":43,"type":"if","locations":[{"start":{"line":43,"column":20},"end":{"line":43,"column":20}},{"start":{"line":43,"column":20},"end":{"line":43,"column":20}}]},"11":{"line":46,"type":"if","locations":[{"start":{"line":46,"column":25},"end":{"line":46,"column":25}},{"start":{"line":46,"column":25},"end":{"line":46,"column":25}}]},"12":{"line":56,"type":"if","locations":[{"start":{"line":56,"column":12},"end":{"line":56,"column":12}},{"start":{"line":56,"column":12},"end":{"line":56,"column":12}}]},"13":{"line":68,"type":"if","locations":[{"start":{"line":68,"column":8},"end":{"line":68,"column":8}},{"start":{"line":68,"column":8},"end":{"line":68,"column":8}}]},"14":{"line":79,"type":"if","locations":[{"start":{"line":79,"column":8},"end":{"line":79,"column":8}},{"start":{"line":79,"column":8},"end":{"line":79,"column":8}}]},"15":{"line":83,"type":"if","locations":[{"start":{"line":83,"column":16},"end":{"line":83,"column":16}},{"start":{"line":83,"column":16},"end":{"line":83,"column":16}}]},"16":{"line":88,"type":"if","locations":[{"start":{"line":88,"column":20},"end":{"line":88,"column":20}},{"start":{"line":88,"column":20},"end":{"line":88,"column":20}}]},"17":{"line":97,"type":"if","locations":[{"start":{"line":97,"column":20},"end":{"line":97,"column":20}},{"start":{"line":97,"column":20},"end":{"line":97,"column":20}}]},"18":{"line":114,"type":"if","locations":[{"start":{"line":114,"column":20},"end":{"line":114,"column":20}},{"start":{"line":114,"column":20},"end":{"line":114,"column":20}}]},"19":{"line":133,"type":"if","locations":[{"start":{"line":133,"column":16},"end":{"line":133,"column":16}},{"start":{"line":133,"column":16},"end":{"line":133,"column":16}}]},"20":{"line":139,"type":"if","locations":[{"start":{"line":139,"column":20},"end":{"line":139,"column":20}},{"start":{"line":139,"column":20},"end":{"line":139,"column":20}}]},"21":{"line":151,"type":"if","locations":[{"start":{"line":151,"column":12},"end":{"line":151,"column":12}},{"start":{"line":151,"column":12},"end":{"line":151,"column":12}}]},"22":{"line":152,"type":"if","locations":[{"start":{"line":152,"column":16},"end":{"line":152,"column":16}},{"start":{"line":152,"column":16},"end":{"line":152,"column":16}}]},"23":{"line":152,"type":"binary-expr","locations":[{"start":{"line":152,"column":20},"end":{"line":152,"column":36}},{"start":{"line":152,"column":40},"end":{"line":152,"column":59}},{"start":{"line":152,"column":63},"end":{"line":152,"column":75}}]},"24":{"line":155,"type":"if","locations":[{"start":{"line":155,"column":16},"end":{"line":155,"column":16}},{"start":{"line":155,"column":16},"end":{"line":155,"column":16}}]},"25":{"line":155,"type":"binary-expr","locations":[{"start":{"line":155,"column":20},"end":{"line":155,"column":43}},{"start":{"line":155,"column":47},"end":{"line":155,"column":109}}]},"26":{"line":158,"type":"if","locations":[{"start":{"line":158,"column":21},"end":{"line":158,"column":21}},{"start":{"line":158,"column":21},"end":{"line":158,"column":21}}]},"27":{"line":161,"type":"if","locations":[{"start":{"line":161,"column":21},"end":{"line":161,"column":21}},{"start":{"line":161,"column":21},"end":{"line":161,"column":21}}]},"28":{"line":172,"type":"if","locations":[{"start":{"line":172,"column":8},"end":{"line":172,"column":8}},{"start":{"line":172,"column":8},"end":{"line":172,"column":8}}]},"29":{"line":172,"type":"binary-expr","locations":[{"start":{"line":172,"column":12},"end":{"line":172,"column":25}},{"start":{"line":172,"column":29},"end":{"line":172,"column":47}}]},"30":{"line":174,"type":"binary-expr","locations":[{"start":{"line":174,"column":15},"end":{"line":174,"column":41}},{"start":{"line":174,"column":45},"end":{"line":174,"column":71}},{"start":{"line":174,"column":75},"end":{"line":174,"column":101}}]},"31":{"line":186,"type":"if","locations":[{"start":{"line":186,"column":8},"end":{"line":186,"column":8}},{"start":{"line":186,"column":8},"end":{"line":186,"column":8}}]},"32":{"line":189,"type":"if","locations":[{"start":{"line":189,"column":12},"end":{"line":189,"column":12}},{"start":{"line":189,"column":12},"end":{"line":189,"column":12}}]},"33":{"line":190,"type":"cond-expr","locations":[{"start":{"line":190,"column":72},"end":{"line":190,"column":76}},{"start":{"line":190,"column":81},"end":{"line":190,"column":121}}]}}},"D:\\MyProject\\mlyknown\\tiny-entity\\entityCopier.js":{"path":"D:\\MyProject\\mlyknown\\tiny-entity\\entityCopier.js","s":{"1":0,"2":0,"3":0,"4":0,"5":0,"6":0,"7":0,"8":0,"9":0,"10":0,"11":0,"12":0,"13":0,"14":0,"15":0,"16":0,"17":0,"18":0,"19":0,"20":0,"21":0,"22":0,"23":1},"b":{"1":[0,0],"2":[0,0],"3":[0,0],"4":[0,0],"5":[0,0],"6":[0,0],"7":[0,0]},"f":{"1":0,"2":0},"fnMap":{"1":{"name":"(anonymous_1)","line":3,"loc":{"start":{"line":3,"column":15},"end":{"line":3,"column":22}}},"2":{"name":"(anonymous_2)","line":21,"loc":{"start":{"line":21,"column":17},"end":{"line":21,"column":21}}}},"statementMap":{"1":{"start":{"line":4,"column":8},"end":{"line":4,"column":25}},"2":{"start":{"line":5,"column":8},"end":{"line":5,"column":21}},"3":{"start":{"line":6,"column":8},"end":{"line":6,"column":28}},"4":{"start":{"line":7,"column":8},"end":{"line":18,"column":9}},"5":{"start":{"line":8,"column":12},"end":{"line":9,"column":25}},"6":{"start":{"line":9,"column":16},"end":{"line":9,"column":25}},"7":{"start":{"line":10,"column":12},"end":{"line":11,"column":32}},"8":{"start":{"line":11,"column":16},"end":{"line":11,"column":32}},"9":{"start":{"line":12,"column":12},"end":{"line":17,"column":13}},"10":{"start":{"line":13,"column":16},"end":{"line":13,"column":32}},"11":{"start":{"line":15,"column":17},"end":{"line":17,"column":13}},"12":{"start":{"line":16,"column":16},"end":{"line":16,"column":48}},"13":{"start":{"line":19,"column":8},"end":{"line":19,"column":17}},"14":{"start":{"line":22,"column":8},"end":{"line":22,"column":25}},"15":{"start":{"line":23,"column":8},"end":{"line":23,"column":21}},"16":{"start":{"line":24,"column":8},"end":{"line":24,"column":28}},"17":{"start":{"line":25,"column":8},"end":{"line":33,"column":9}},"18":{"start":{"line":26,"column":12},"end":{"line":32,"column":27}},"19":{"start":{"line":27,"column":16},"end":{"line":27,"column":43}},"20":{"start":{"line":28,"column":16},"end":{"line":30,"column":17}},"21":{"start":{"line":29,"column":20},"end":{"line":29,"column":31}},"22":{"start":{"line":34,"column":8},"end":{"line":34,"column":17}},"23":{"start":{"line":37,"column":0},"end":{"line":37,"column":36}}},"branchMap":{"1":{"line":8,"type":"if","locations":[{"start":{"line":8,"column":12},"end":{"line":8,"column":12}},{"start":{"line":8,"column":12},"end":{"line":8,"column":12}}]},"2":{"line":8,"type":"binary-expr","locations":[{"start":{"line":8,"column":16},"end":{"line":8,"column":35}},{"start":{"line":8,"column":39},"end":{"line":8,"column":53}}]},"3":{"line":10,"type":"if","locations":[{"start":{"line":10,"column":12},"end":{"line":10,"column":12}},{"start":{"line":10,"column":12},"end":{"line":10,"column":12}}]},"4":{"line":12,"type":"if","locations":[{"start":{"line":12,"column":12},"end":{"line":12,"column":12}},{"start":{"line":12,"column":12},"end":{"line":12,"column":12}}]},"5":{"line":15,"type":"if","locations":[{"start":{"line":15,"column":17},"end":{"line":15,"column":17}},{"start":{"line":15,"column":17},"end":{"line":15,"column":17}}]},"6":{"line":28,"type":"if","locations":[{"start":{"line":28,"column":16},"end":{"line":28,"column":16}},{"start":{"line":28,"column":16},"end":{"line":28,"column":16}}]},"7":{"line":28,"type":"binary-expr","locations":[{"start":{"line":28,"column":20},"end":{"line":28,"column":28}},{"start":{"line":28,"column":32},"end":{"line":28,"column":48}}]}}},"D:\\MyProject\\mlyknown\\tiny-entity\\nedb\\dataContextNeDB.js":{"path":"D:\\MyProject\\mlyknown\\tiny-entity\\nedb\\dataContextNeDB.js","s":{"1":1,"2":11,"3":1,"4":8,"5":8,"6":0,"7":1,"8":0,"9":0,"10":0,"11":1,"12":19,"13":8,"14":11,"15":1,"16":1,"17":1,"18":1,"19":1,"20":1,"21":1,"22":1,"23":0,"24":0,"25":1,"26":1,"27":1,"28":1,"29":1,"30":1,"31":1,"32":1,"33":0,"34":0,"35":0,"36":1,"37":1,"38":1,"39":1,"40":1,"41":1,"42":0,"43":1,"44":0,"45":0,"46":0,"47":0,"48":0,"49":0,"50":0,"51":0,"52":0,"53":0,"54":0,"55":0,"56":0,"57":0,"58":1,"59":1,"60":1,"61":1,"62":1,"63":1,"64":0,"65":0,"66":1,"67":1,"68":1,"69":1,"70":0,"71":1,"72":1,"73":1,"74":1,"75":1,"76":1,"77":0,"78":1,"79":0,"80":0,"81":0,"82":0,"83":0,"84":0,"85":0,"86":1,"87":1,"88":1,"89":1,"90":1,"91":0,"92":0,"93":1,"94":1,"95":1,"96":1,"97":0,"98":1,"99":1,"100":1,"101":1,"102":1,"103":1,"104":0,"105":1,"106":1,"107":0,"108":0,"109":0,"110":0,"111":0,"112":5,"113":5,"114":1,"115":5,"116":5,"117":5,"118":5,"119":5,"120":18,"121":18,"122":18,"123":18,"124":0,"125":18,"126":14,"127":14,"128":18,"129":0,"130":5,"131":1,"132":1,"133":0,"134":1,"135":1,"136":0,"137":0,"138":0,"139":0,"140":0,"141":4,"142":4,"143":0,"144":4,"145":4,"146":0,"147":0,"148":0,"149":0,"150":0,"151":0,"152":0,"153":5,"154":0,"155":0,"156":0,"157":0,"158":0,"159":0,"160":0,"161":0,"162":0,"163":0,"164":0,"165":0,"166":0,"167":0,"168":0,"169":3,"170":0,"171":1,"172":1,"173":1,"174":1,"175":1,"176":1,"177":1,"178":1},"b":{"1":[1,1,1],"2":[11,11],"3":[11,8],"4":[0,1],"5":[1,0],"6":[1,0],"7":[0,0],"8":[0,1],"9":[0,0],"10":[0,0],"11":[0,0],"12":[1,0],"13":[1,0],"14":[0,1],"15":[0,1],"16":[0,0],"17":[1,0],"18":[1,0],"19":[0,1],"20":[0,1],"21":[0,0],"22":[1,4],"23":[5,4],"24":[5,0],"25":[0,18],"26":[18,18],"27":[14,4],"28":[1,0,4,0],"29":[0,1],"30":[0,0],"31":[0,4],"32":[0,0],"33":[0,0],"34":[0,0,0],"35":[0,3],"36":[1,1]},"f":{"1":11,"2":11,"3":8,"4":0,"5":19,"6":8,"7":1,"8":1,"9":1,"10":1,"11":1,"12":0,"13":0,"14":1,"15":1,"16":1,"17":1,"18":0,"19":0,"20":1,"21":1,"22":1,"23":1,"24":0,"25":0,"26":5,"27":5,"28":18,"29":0,"30":0,"31":3,"32":1},"fnMap":{"1":{"name":"(anonymous_1)","line":2,"loc":{"start":{"line":2,"column":44},"end":{"line":2,"column":89}}},"2":{"name":"(anonymous_2)","line":3,"loc":{"start":{"line":3,"column":36},"end":{"line":3,"column":63}}},"3":{"name":"fulfilled","line":4,"loc":{"start":{"line":4,"column":8},"end":{"line":4,"column":34}}},"4":{"name":"rejected","line":5,"loc":{"start":{"line":5,"column":8},"end":{"line":5,"column":33}}},"5":{"name":"step","line":6,"loc":{"start":{"line":6,"column":8},"end":{"line":6,"column":30}}},"6":{"name":"(anonymous_6)","line":6,"loc":{"start":{"line":6,"column":76},"end":{"line":6,"column":95}}},"7":{"name":"(anonymous_7)","line":14,"loc":{"start":{"line":14,"column":15},"end":{"line":14,"column":24}}},"8":{"name":"(anonymous_8)","line":24,"loc":{"start":{"line":24,"column":10},"end":{"line":24,"column":27}}},"9":{"name":"(anonymous_9)","line":25,"loc":{"start":{"line":25,"column":47},"end":{"line":25,"column":60}}},"10":{"name":"(anonymous_10)","line":45,"loc":{"start":{"line":45,"column":15},"end":{"line":45,"column":32}}},"11":{"name":"(anonymous_11)","line":46,"loc":{"start":{"line":46,"column":47},"end":{"line":46,"column":60}}},"12":{"name":"(anonymous_12)","line":59,"loc":{"start":{"line":59,"column":15},"end":{"line":59,"column":33}}},"13":{"name":"(anonymous_13)","line":60,"loc":{"start":{"line":60,"column":47},"end":{"line":60,"column":60}}},"14":{"name":"(anonymous_14)","line":82,"loc":{"start":{"line":82,"column":10},"end":{"line":82,"column":27}}},"15":{"name":"(anonymous_15)","line":83,"loc":{"start":{"line":83,"column":47},"end":{"line":83,"column":60}}},"16":{"name":"(anonymous_16)","line":102,"loc":{"start":{"line":102,"column":15},"end":{"line":102,"column":32}}},"17":{"name":"(anonymous_17)","line":103,"loc":{"start":{"line":103,"column":47},"end":{"line":103,"column":60}}},"18":{"name":"(anonymous_18)","line":118,"loc":{"start":{"line":118,"column":13},"end":{"line":118,"column":35}}},"19":{"name":"(anonymous_19)","line":119,"loc":{"start":{"line":119,"column":47},"end":{"line":119,"column":60}}},"20":{"name":"(anonymous_20)","line":131,"loc":{"start":{"line":131,"column":10},"end":{"line":131,"column":27}}},"21":{"name":"(anonymous_21)","line":132,"loc":{"start":{"line":132,"column":47},"end":{"line":132,"column":60}}},"22":{"name":"(anonymous_22)","line":151,"loc":{"start":{"line":151,"column":15},"end":{"line":151,"column":32}}},"23":{"name":"(anonymous_23)","line":152,"loc":{"start":{"line":152,"column":47},"end":{"line":152,"column":60}}},"24":{"name":"(anonymous_24)","line":166,"loc":{"start":{"line":166,"column":20},"end":{"line":166,"column":23}}},"25":{"name":"(anonymous_25)","line":169,"loc":{"start":{"line":169,"column":10},"end":{"line":169,"column":13}}},"26":{"name":"(anonymous_26)","line":177,"loc":{"start":{"line":177,"column":9},"end":{"line":177,"column":56}}},"27":{"name":"(anonymous_27)","line":178,"loc":{"start":{"line":178,"column":47},"end":{"line":178,"column":60}}},"28":{"name":"(anonymous_28)","line":186,"loc":{"start":{"line":186,"column":32},"end":{"line":186,"column":44}}},"29":{"name":"(anonymous_29)","line":247,"loc":{"start":{"line":247,"column":12},"end":{"line":247,"column":15}}},"30":{"name":"(anonymous_30)","line":248,"loc":{"start":{"line":248,"column":47},"end":{"line":248,"column":60}}},"31":{"name":"(anonymous_31)","line":276,"loc":{"start":{"line":276,"column":13},"end":{"line":276,"column":24}}},"32":{"name":"(anonymous_32)","line":287,"loc":{"start":{"line":287,"column":1},"end":{"line":287,"column":22}}}},"statementMap":{"1":{"start":{"line":2,"column":0},"end":{"line":9,"column":2}},"2":{"start":{"line":3,"column":4},"end":{"line":8,"column":7}},"3":{"start":{"line":4,"column":8},"end":{"line":4,"column":99}},"4":{"start":{"line":4,"column":36},"end":{"line":4,"column":97}},"5":{"start":{"line":4,"column":42},"end":{"line":4,"column":70}},"6":{"start":{"line":4,"column":85},"end":{"line":4,"column":95}},"7":{"start":{"line":5,"column":8},"end":{"line":5,"column":99}},"8":{"start":{"line":5,"column":35},"end":{"line":5,"column":97}},"9":{"start":{"line":5,"column":41},"end":{"line":5,"column":70}},"10":{"start":{"line":5,"column":85},"end":{"line":5,"column":95}},"11":{"start":{"line":6,"column":8},"end":{"line":6,"column":151}},"12":{"start":{"line":6,"column":32},"end":{"line":6,"column":149}},"13":{"start":{"line":6,"column":97},"end":{"line":6,"column":119}},"14":{"start":{"line":7,"column":8},"end":{"line":7,"column":72}},"15":{"start":{"line":10,"column":0},"end":{"line":10,"column":34}},"16":{"start":{"line":11,"column":0},"end":{"line":11,"column":13}},"17":{"start":{"line":12,"column":0},"end":{"line":12,"column":41}},"18":{"start":{"line":15,"column":8},"end":{"line":15,"column":28}},"19":{"start":{"line":16,"column":8},"end":{"line":16,"column":26}},"20":{"start":{"line":17,"column":8},"end":{"line":17,"column":29}},"21":{"start":{"line":18,"column":8},"end":{"line":18,"column":26}},"22":{"start":{"line":19,"column":8},"end":{"line":22,"column":9}},"23":{"start":{"line":20,"column":12},"end":{"line":20,"column":71}},"24":{"start":{"line":21,"column":12},"end":{"line":21,"column":37}},"25":{"start":{"line":25,"column":8},"end":{"line":43,"column":11}},"26":{"start":{"line":26,"column":12},"end":{"line":27,"column":33}},"27":{"start":{"line":27,"column":16},"end":{"line":27,"column":33}},"28":{"start":{"line":28,"column":12},"end":{"line":28,"column":27}},"29":{"start":{"line":29,"column":12},"end":{"line":41,"column":15}},"30":{"start":{"line":30,"column":16},"end":{"line":40,"column":19}},"31":{"start":{"line":31,"column":20},"end":{"line":31,"column":50}},"32":{"start":{"line":32,"column":20},"end":{"line":32,"column":31}},"33":{"start":{"line":35,"column":20},"end":{"line":39,"column":36}},"34":{"start":{"line":36,"column":24},"end":{"line":36,"column":72}},"35":{"start":{"line":39,"column":24},"end":{"line":39,"column":36}},"36":{"start":{"line":42,"column":12},"end":{"line":42,"column":27}},"37":{"start":{"line":46,"column":8},"end":{"line":57,"column":11}},"38":{"start":{"line":47,"column":12},"end":{"line":47,"column":100}},"39":{"start":{"line":48,"column":12},"end":{"line":56,"column":15}},"40":{"start":{"line":49,"column":16},"end":{"line":55,"column":19}},"41":{"start":{"line":50,"column":20},"end":{"line":54,"column":21}},"42":{"start":{"line":51,"column":24},"end":{"line":51,"column":36}},"43":{"start":{"line":53,"column":24},"end":{"line":53,"column":35}},"44":{"start":{"line":60,"column":8},"end":{"line":80,"column":11}},"45":{"start":{"line":61,"column":12},"end":{"line":62,"column":33}},"46":{"start":{"line":62,"column":16},"end":{"line":62,"column":33}},"47":{"start":{"line":63,"column":12},"end":{"line":63,"column":32}},"48":{"start":{"line":64,"column":12},"end":{"line":79,"column":15}},"49":{"start":{"line":65,"column":16},"end":{"line":78,"column":17}},"50":{"start":{"line":66,"column":20},"end":{"line":74,"column":21}},"51":{"start":{"line":67,"column":24},"end":{"line":67,"column":50}},"52":{"start":{"line":68,"column":24},"end":{"line":73,"column":61}},"53":{"start":{"line":69,"column":28},"end":{"line":69,"column":47}},"54":{"start":{"line":70,"column":28},"end":{"line":72,"column":29}},"55":{"start":{"line":71,"column":32},"end":{"line":71,"column":52}},"56":{"start":{"line":73,"column":42},"end":{"line":73,"column":57}},"57":{"start":{"line":77,"column":20},"end":{"line":77,"column":34}},"58":{"start":{"line":83,"column":8},"end":{"line":100,"column":11}},"59":{"start":{"line":84,"column":12},"end":{"line":85,"column":33}},"60":{"start":{"line":85,"column":16},"end":{"line":85,"column":33}},"61":{"start":{"line":86,"column":12},"end":{"line":86,"column":27}},"62":{"start":{"line":87,"column":12},"end":{"line":87,"column":23}},"63":{"start":{"line":88,"column":12},"end":{"line":91,"column":13}},"64":{"start":{"line":89,"column":16},"end":{"line":89,"column":81}},"65":{"start":{"line":90,"column":16},"end":{"line":90,"column":47}},"66":{"start":{"line":92,"column":12},"end":{"line":99,"column":15}},"67":{"start":{"line":93,"column":16},"end":{"line":98,"column":19}},"68":{"start":{"line":94,"column":20},"end":{"line":94,"column":53}},"69":{"start":{"line":95,"column":20},"end":{"line":95,"column":31}},"70":{"start":{"line":97,"column":20},"end":{"line":97,"column":32}},"71":{"start":{"line":103,"column":8},"end":{"line":116,"column":11}},"72":{"start":{"line":104,"column":12},"end":{"line":104,"column":27}},"73":{"start":{"line":105,"column":12},"end":{"line":105,"column":100}},"74":{"start":{"line":106,"column":12},"end":{"line":115,"column":15}},"75":{"start":{"line":107,"column":16},"end":{"line":114,"column":19}},"76":{"start":{"line":108,"column":20},"end":{"line":113,"column":21}},"77":{"start":{"line":109,"column":24},"end":{"line":109,"column":36}},"78":{"start":{"line":112,"column":24},"end":{"line":112,"column":37}},"79":{"start":{"line":119,"column":8},"end":{"line":129,"column":11}},"80":{"start":{"line":120,"column":12},"end":{"line":120,"column":90}},"81":{"start":{"line":121,"column":12},"end":{"line":128,"column":15}},"82":{"start":{"line":122,"column":16},"end":{"line":127,"column":19}},"83":{"start":{"line":123,"column":20},"end":{"line":126,"column":35}},"84":{"start":{"line":124,"column":24},"end":{"line":124,"column":36}},"85":{"start":{"line":126,"column":24},"end":{"line":126,"column":35}},"86":{"start":{"line":132,"column":8},"end":{"line":149,"column":11}},"87":{"start":{"line":133,"column":12},"end":{"line":134,"column":33}},"88":{"start":{"line":134,"column":16},"end":{"line":134,"column":33}},"89":{"start":{"line":135,"column":12},"end":{"line":135,"column":23}},"90":{"start":{"line":136,"column":12},"end":{"line":139,"column":13}},"91":{"start":{"line":137,"column":16},"end":{"line":137,"column":81}},"92":{"start":{"line":138,"column":16},"end":{"line":138,"column":47}},"93":{"start":{"line":140,"column":12},"end":{"line":147,"column":15}},"94":{"start":{"line":141,"column":16},"end":{"line":146,"column":19}},"95":{"start":{"line":142,"column":20},"end":{"line":142,"column":53}},"96":{"start":{"line":143,"column":20},"end":{"line":143,"column":34}},"97":{"start":{"line":145,"column":20},"end":{"line":145,"column":32}},"98":{"start":{"line":148,"column":12},"end":{"line":148,"column":27}},"99":{"start":{"line":152,"column":8},"end":{"line":164,"column":11}},"100":{"start":{"line":153,"column":12},"end":{"line":153,"column":100}},"101":{"start":{"line":154,"column":12},"end":{"line":162,"column":15}},"102":{"start":{"line":155,"column":16},"end":{"line":161,"column":19}},"103":{"start":{"line":156,"column":20},"end":{"line":160,"column":21}},"104":{"start":{"line":157,"column":24},"end":{"line":157,"column":36}},"105":{"start":{"line":159,"column":24},"end":{"line":159,"column":38}},"106":{"start":{"line":163,"column":12},"end":{"line":163,"column":27}},"107":{"start":{"line":167,"column":8},"end":{"line":167,"column":28}},"108":{"start":{"line":170,"column":8},"end":{"line":170,"column":58}},"109":{"start":{"line":171,"column":8},"end":{"line":174,"column":9}},"110":{"start":{"line":172,"column":12},"end":{"line":172,"column":32}},"111":{"start":{"line":173,"column":12},"end":{"line":173,"column":33}},"112":{"start":{"line":178,"column":8},"end":{"line":245,"column":11}},"113":{"start":{"line":179,"column":12},"end":{"line":180,"column":45}},"114":{"start":{"line":180,"column":16},"end":{"line":180,"column":45}},"115":{"start":{"line":181,"column":12},"end":{"line":181,"column":95}},"116":{"start":{"line":182,"column":12},"end":{"line":243,"column":15}},"117":{"start":{"line":183,"column":16},"end":{"line":183,"column":33}},"118":{"start":{"line":184,"column":16},"end":{"line":204,"column":17}},"119":{"start":{"line":185,"column":20},"end":{"line":203,"column":22}},"120":{"start":{"line":187,"column":28},"end":{"line":201,"column":29}},"121":{"start":{"line":188,"column":32},"end":{"line":188,"column":45}},"122":{"start":{"line":189,"column":32},"end":{"line":196,"column":33}},"123":{"start":{"line":190,"column":36},"end":{"line":191,"column":46}},"124":{"start":{"line":191,"column":40},"end":{"line":191,"column":46}},"125":{"start":{"line":192,"column":36},"end":{"line":195,"column":37}},"126":{"start":{"line":193,"column":40},"end":{"line":193,"column":50}},"127":{"start":{"line":194,"column":40},"end":{"line":194,"column":46}},"128":{"start":{"line":197,"column":32},"end":{"line":197,"column":41}},"129":{"start":{"line":200,"column":32},"end":{"line":200,"column":45}},"130":{"start":{"line":205,"column":16},"end":{"line":242,"column":17}},"131":{"start":{"line":207,"column":24},"end":{"line":212,"column":27}},"132":{"start":{"line":208,"column":28},"end":{"line":211,"column":43}},"133":{"start":{"line":209,"column":32},"end":{"line":209,"column":44}},"134":{"start":{"line":211,"column":32},"end":{"line":211,"column":43}},"135":{"start":{"line":213,"column":24},"end":{"line":213,"column":30}},"136":{"start":{"line":215,"column":24},"end":{"line":220,"column":27}},"137":{"start":{"line":216,"column":28},"end":{"line":219,"column":43}},"138":{"start":{"line":217,"column":32},"end":{"line":217,"column":44}},"139":{"start":{"line":219,"column":32},"end":{"line":219,"column":43}},"140":{"start":{"line":221,"column":24},"end":{"line":221,"column":30}},"141":{"start":{"line":223,"column":24},"end":{"line":228,"column":27}},"142":{"start":{"line":224,"column":28},"end":{"line":227,"column":43}},"143":{"start":{"line":225,"column":32},"end":{"line":225,"column":44}},"144":{"start":{"line":227,"column":32},"end":{"line":227,"column":43}},"145":{"start":{"line":229,"column":24},"end":{"line":229,"column":30}},"146":{"start":{"line":231,"column":24},"end":{"line":231,"column":37}},"147":{"start":{"line":232,"column":24},"end":{"line":234,"column":26}},"148":{"start":{"line":235,"column":24},"end":{"line":240,"column":27}},"149":{"start":{"line":236,"column":28},"end":{"line":239,"column":43}},"150":{"start":{"line":237,"column":32},"end":{"line":237,"column":44}},"151":{"start":{"line":239,"column":32},"end":{"line":239,"column":43}},"152":{"start":{"line":241,"column":24},"end":{"line":241,"column":30}},"153":{"start":{"line":244,"column":12},"end":{"line":244,"column":27}},"154":{"start":{"line":248,"column":8},"end":{"line":274,"column":11}},"155":{"start":{"line":249,"column":12},"end":{"line":273,"column":13}},"156":{"start":{"line":250,"column":16},"end":{"line":272,"column":17}},"157":{"start":{"line":251,"column":20},"end":{"line":265,"column":21}},"158":{"start":{"line":252,"column":24},"end":{"line":252,"column":57}},"159":{"start":{"line":253,"column":24},"end":{"line":253,"column":42}},"160":{"start":{"line":254,"column":24},"end":{"line":264,"column":25}},"161":{"start":{"line":256,"column":32},"end":{"line":256,"column":68}},"162":{"start":{"line":257,"column":32},"end":{"line":257,"column":38}},"163":{"start":{"line":259,"column":32},"end":{"line":259,"column":68}},"164":{"start":{"line":260,"column":32},"end":{"line":260,"column":38}},"165":{"start":{"line":262,"column":32},"end":{"line":262,"column":68}},"166":{"start":{"line":263,"column":32},"end":{"line":263,"column":38}},"167":{"start":{"line":268,"column":20},"end":{"line":268,"column":40}},"168":{"start":{"line":271,"column":20},"end":{"line":271,"column":40}},"169":{"start":{"line":277,"column":8},"end":{"line":282,"column":9}},"170":{"start":{"line":278,"column":12},"end":{"line":281,"column":15}},"171":{"start":{"line":285,"column":0},"end":{"line":285,"column":42}},"172":{"start":{"line":286,"column":0},"end":{"line":286,"column":10}},"173":{"start":{"line":287,"column":0},"end":{"line":292,"column":50}},"174":{"start":{"line":288,"column":4},"end":{"line":288,"column":50}},"175":{"start":{"line":289,"column":4},"end":{"line":289,"column":48}},"176":{"start":{"line":290,"column":4},"end":{"line":290,"column":48}},"177":{"start":{"line":291,"column":4},"end":{"line":291,"column":54}},"178":{"start":{"line":293,"column":0},"end":{"line":293,"column":34}}},"branchMap":{"1":{"line":2,"type":"binary-expr","locations":[{"start":{"line":2,"column":17},"end":{"line":2,"column":21}},{"start":{"line":2,"column":25},"end":{"line":2,"column":39}},{"start":{"line":2,"column":44},"end":{"line":9,"column":1}}]},"2":{"line":3,"type":"binary-expr","locations":[{"start":{"line":3,"column":16},"end":{"line":3,"column":17}},{"start":{"line":3,"column":22},"end":{"line":3,"column":33}}]},"3":{"line":6,"type":"cond-expr","locations":[{"start":{"line":6,"column":46},"end":{"line":6,"column":67}},{"start":{"line":6,"column":70},"end":{"line":6,"column":148}}]},"4":{"line":19,"type":"if","locations":[{"start":{"line":19,"column":8},"end":{"line":19,"column":8}},{"start":{"line":19,"column":8},"end":{"line":19,"column":8}}]},"5":{"line":26,"type":"if","locations":[{"start":{"line":26,"column":12},"end":{"line":26,"column":12}},{"start":{"line":26,"column":12},"end":{"line":26,"column":12}}]},"6":{"line":26,"type":"binary-expr","locations":[{"start":{"line":26,"column":16},"end":{"line":26,"column":38}},{"start":{"line":26,"column":42},"end":{"line":26,"column":59}}]},"7":{"line":35,"type":"if","locations":[{"start":{"line":35,"column":20},"end":{"line":35,"column":20}},{"start":{"line":35,"column":20},"end":{"line":35,"column":20}}]},"8":{"line":50,"type":"if","locations":[{"start":{"line":50,"column":20},"end":{"line":50,"column":20}},{"start":{"line":50,"column":20},"end":{"line":50,"column":20}}]},"9":{"line":61,"type":"if","locations":[{"start":{"line":61,"column":12},"end":{"line":61,"column":12}},{"start":{"line":61,"column":12},"end":{"line":61,"column":12}}]},"10":{"line":61,"type":"binary-expr","locations":[{"start":{"line":61,"column":16},"end":{"line":61,"column":38}},{"start":{"line":61,"column":42},"end":{"line":61,"column":59}}]},"11":{"line":70,"type":"if","locations":[{"start":{"line":70,"column":28},"end":{"line":70,"column":28}},{"start":{"line":70,"column":28},"end":{"line":70,"column":28}}]},"12":{"line":84,"type":"if","locations":[{"start":{"line":84,"column":12},"end":{"line":84,"column":12}},{"start":{"line":84,"column":12},"end":{"line":84,"column":12}}]},"13":{"line":84,"type":"binary-expr","locations":[{"start":{"line":84,"column":16},"end":{"line":84,"column":38}},{"start":{"line":84,"column":42},"end":{"line":84,"column":59}}]},"14":{"line":88,"type":"if","locations":[{"start":{"line":88,"column":12},"end":{"line":88,"column":12}},{"start":{"line":88,"column":12},"end":{"line":88,"column":12}}]},"15":{"line":108,"type":"if","locations":[{"start":{"line":108,"column":20},"end":{"line":108,"column":20}},{"start":{"line":108,"column":20},"end":{"line":108,"column":20}}]},"16":{"line":123,"type":"if","locations":[{"start":{"line":123,"column":20},"end":{"line":123,"column":20}},{"start":{"line":123,"column":20},"end":{"line":123,"column":20}}]},"17":{"line":133,"type":"if","locations":[{"start":{"line":133,"column":12},"end":{"line":133,"column":12}},{"start":{"line":133,"column":12},"end":{"line":133,"column":12}}]},"18":{"line":133,"type":"binary-expr","locations":[{"start":{"line":133,"column":16},"end":{"line":133,"column":38}},{"start":{"line":133,"column":42},"end":{"line":133,"column":59}}]},"19":{"line":136,"type":"if","locations":[{"start":{"line":136,"column":12},"end":{"line":136,"column":12}},{"start":{"line":136,"column":12},"end":{"line":136,"column":12}}]},"20":{"line":156,"type":"if","locations":[{"start":{"line":156,"column":20},"end":{"line":156,"column":20}},{"start":{"line":156,"column":20},"end":{"line":156,"column":20}}]},"21":{"line":171,"type":"if","locations":[{"start":{"line":171,"column":8},"end":{"line":171,"column":8}},{"start":{"line":171,"column":8},"end":{"line":171,"column":8}}]},"22":{"line":179,"type":"if","locations":[{"start":{"line":179,"column":12},"end":{"line":179,"column":12}},{"start":{"line":179,"column":12},"end":{"line":179,"column":12}}]},"23":{"line":179,"type":"binary-expr","locations":[{"start":{"line":179,"column":16},"end":{"line":179,"column":38}},{"start":{"line":179,"column":42},"end":{"line":179,"column":59}}]},"24":{"line":184,"type":"if","locations":[{"start":{"line":184,"column":16},"end":{"line":184,"column":16}},{"start":{"line":184,"column":16},"end":{"line":184,"column":16}}]},"25":{"line":190,"type":"if","locations":[{"start":{"line":190,"column":36},"end":{"line":190,"column":36}},{"start":{"line":190,"column":36},"end":{"line":190,"column":36}}]},"26":{"line":190,"type":"binary-expr","locations":[{"start":{"line":190,"column":40},"end":{"line":190,"column":54}},{"start":{"line":190,"column":58},"end":{"line":190,"column":77}}]},"27":{"line":192,"type":"if","locations":[{"start":{"line":192,"column":36},"end":{"line":192,"column":36}},{"start":{"line":192,"column":36},"end":{"line":192,"column":36}}]},"28":{"line":205,"type":"switch","locations":[{"start":{"line":206,"column":20},"end":{"line":213,"column":30}},{"start":{"line":214,"column":20},"end":{"line":221,"column":30}},{"start":{"line":222,"column":20},"end":{"line":229,"column":30}},{"start":{"line":230,"column":20},"end":{"line":241,"column":30}}]},"29":{"line":208,"type":"if","locations":[{"start":{"line":208,"column":28},"end":{"line":208,"column":28}},{"start":{"line":208,"column":28},"end":{"line":208,"column":28}}]},"30":{"line":216,"type":"if","locations":[{"start":{"line":216,"column":28},"end":{"line":216,"column":28}},{"start":{"line":216,"column":28},"end":{"line":216,"column":28}}]},"31":{"line":224,"type":"if","locations":[{"start":{"line":224,"column":28},"end":{"line":224,"column":28}},{"start":{"line":224,"column":28},"end":{"line":224,"column":28}}]},"32":{"line":236,"type":"if","locations":[{"start":{"line":236,"column":28},"end":{"line":236,"column":28}},{"start":{"line":236,"column":28},"end":{"line":236,"column":28}}]},"33":{"line":249,"type":"if","locations":[{"start":{"line":249,"column":12},"end":{"line":249,"column":12}},{"start":{"line":249,"column":12},"end":{"line":249,"column":12}}]},"34":{"line":254,"type":"switch","locations":[{"start":{"line":255,"column":28},"end":{"line":257,"column":38}},{"start":{"line":258,"column":28},"end":{"line":260,"column":38}},{"start":{"line":261,"column":28},"end":{"line":263,"column":38}}]},"35":{"line":277,"type":"if","locations":[{"start":{"line":277,"column":
[...]
":2,"129":2,"130":0,"131":1},"b":{"1":[1,1,1],"2":[5,5],"3":[5,5],"4":[0,0],"5":[0,0],"6":[1,0],"7":[1,0],"8":[0,1],"9":[0,0],"10":[0,0],"11":[0,0],"12":[0,0],"13":[0,0],"14":[1,4],"15":[1,0],"16":[0,2],"17":[2,0],"18":[0,0],"19":[0,0],"20":[2,0]},"f":{"1":5,"2":5,"3":5,"4":0,"5":10,"6":5,"7":3,"8":0,"9":1,"10":0,"11":0,"12":0,"13":0,"14":0,"15":4,"16":4,"17":1,"18":0,"19":2,"20":1,"21":0,"22":0,"23":1,"24":1,"25":0,"26":0,"27":0,"28":0,"29":0,"30":5,"31":1,"32":2,"33":2},"fnMap":{"1":{"name":"(anonymous_1)","line":2,"loc":{"start":{"line":2,"column":44},"end":{"line":2,"column":89}}},"2":{"name":"(anonymous_2)","line":3,"loc":{"start":{"line":3,"column":36},"end":{"line":3,"column":63}}},"3":{"name":"fulfilled","line":4,"loc":{"start":{"line":4,"column":8},"end":{"line":4,"column":34}}},"4":{"name":"rejected","line":5,"loc":{"start":{"line":5,"column":8},"end":{"line":5,"column":33}}},"5":{"name":"step","line":6,"loc":{"start":{"line":6,"column":8},"end":{"line":6,"column":30}}},"6":{"name":"(anonymous_6)","line":6,"loc":{"start":{"line":6,"column":76},"end":{"line":6,"column":95}}},"7":{"name":"(anonymous_7)","line":13,"loc":{"start":{"line":13,"column":15},"end":{"line":13,"column":21}}},"8":{"name":"(anonymous_8)","line":19,"loc":{"start":{"line":19,"column":12},"end":{"line":19,"column":15}}},"9":{"name":"(anonymous_9)","line":20,"loc":{"start":{"line":20,"column":9},"end":{"line":20,"column":39}}},"10":{"name":"(anonymous_10)","line":24,"loc":{"start":{"line":24,"column":10},"end":{"line":24,"column":16}}},"11":{"name":"(anonymous_11)","line":27,"loc":{"start":{"line":27,"column":7},"end":{"line":27,"column":52}}},"12":{"name":"(anonymous_12)","line":28,"loc":{"start":{"line":28,"column":47},"end":{"line":28,"column":60}}},"13":{"name":"(anonymous_13)","line":33,"loc":{"start":{"line":33,"column":9},"end":{"line":33,"column":54}}},"14":{"name":"(anonymous_14)","line":34,"loc":{"start":{"line":34,"column":47},"end":{"line":34,"column":60}}},"15":{"name":"(anonymous_15)","line":44,"loc":{"start":{"line":44,"column":9},"end":{"line":44,"column":54}}},"16":{"name":"(anonymous_16)","line":45,"loc":{"start":{"line":45,"column":47},"end":{"line":45,"column":60}}},"17":{"name":"(anonymous_17)","line":50,"loc":{"start":{"line":50,"column":8},"end":{"line":50,"column":16}}},"18":{"name":"(anonymous_18)","line":53,"loc":{"start":{"line":53,"column":8},"end":{"line":53,"column":16}}},"19":{"name":"(anonymous_19)","line":56,"loc":{"start":{"line":56,"column":11},"end":{"line":56,"column":17}}},"20":{"name":"(anonymous_20)","line":60,"loc":{"start":{"line":60,"column":15},"end":{"line":60,"column":21}}},"21":{"name":"(anonymous_21)","line":65,"loc":{"start":{"line":65,"column":7},"end":{"line":65,"column":13}}},"22":{"name":"(anonymous_22)","line":66,"loc":{"start":{"line":66,"column":47},"end":{"line":66,"column":60}}},"23":{"name":"(anonymous_23)","line":74,"loc":{"start":{"line":74,"column":10},"end":{"line":74,"column":26}}},"24":{"name":"(anonymous_24)","line":75,"loc":{"start":{"line":75,"column":47},"end":{"line":75,"column":60}}},"25":{"name":"(anonymous_25)","line":103,"loc":{"start":{"line":103,"column":7},"end":{"line":103,"column":13}}},"26":{"name":"(anonymous_26)","line":104,"loc":{"start":{"line":104,"column":47},"end":{"line":104,"column":60}}},"27":{"name":"(anonymous_27)","line":113,"loc":{"start":{"line":113,"column":7},"end":{"line":113,"column":13}}},"28":{"name":"(anonymous_28)","line":114,"loc":{"start":{"line":114,"column":47},"end":{"line":114,"column":60}}},"29":{"name":"(anonymous_29)","line":123,"loc":{"start":{"line":123,"column":12},"end":{"line":123,"column":28}}},"30":{"name":"(anonymous_30)","line":130,"loc":{"start":{"line":130,"column":9},"end":{"line":130,"column":39}}},"31":{"name":"(anonymous_31)","line":141,"loc":{"start":{"line":141,"column":13},"end":{"line":141,"column":20}}},"32":{"name":"(anonymous_32)","line":149,"loc":{"start":{"line":149,"column":15},"end":{"line":149,"column":45}}},"33":{"name":"(anonymous_33)","line":181,"loc":{"start":{"line":181,"column":12},"end":{"line":181,"column":18}}}},"statementMap":{"1":{"start":{"line":2,"column":0},"end":{"line":9,"column":2}},"2":{"start":{"line":3,"column":4},"end":{"line":8,"column":7}},"3":{"start":{"line":4,"column":8},"end":{"line":4,"column":99}},"4":{"start":{"line":4,"column":36},"end":{"line":4,"column":97}},"5":{"start":{"line":4,"column":42},"end":{"line":4,"column":70}},"6":{"start":{"line":4,"column":85},"end":{"line":4,"column":95}},"7":{"start":{"line":5,"column":8},"end":{"line":5,"column":99}},"8":{"start":{"line":5,"column":35},"end":{"line":5,"column":97}},"9":{"start":{"line":5,"column":41},"end":{"line":5,"column":70}},"10":{"start":{"line":5,"column":85},"end":{"line":5,"column":95}},"11":{"start":{"line":6,"column":8},"end":{"line":6,"column":151}},"12":{"start":{"line":6,"column":32},"end":{"line":6,"column":149}},"13":{"start":{"line":6,"column":97},"end":{"line":6,"column":119}},"14":{"start":{"line":7,"column":8},"end":{"line":7,"column":72}},"15":{"start":{"line":10,"column":0},"end":{"line":10,"column":55}},"16":{"start":{"line":11,"column":0},"end":{"line":11,"column":50}},"17":{"start":{"line":14,"column":8},"end":{"line":14,"column":19}},"18":{"start":{"line":15,"column":8},"end":{"line":15,"column":26}},"19":{"start":{"line":16,"column":8},"end":{"line":16,"column":39}},"20":{"start":{"line":17,"column":8},"end":{"line":17,"column":23}},"21":{"start":{"line":19,"column":17},"end":{"line":19,"column":27}},"22":{"start":{"line":21,"column":8},"end":{"line":21,"column":31}},"23":{"start":{"line":22,"column":8},"end":{"line":22,"column":20}},"24":{"start":{"line":25,"column":8},"end":{"line":25,"column":20}},"25":{"start":{"line":28,"column":8},"end":{"line":31,"column":11}},"26":{"start":{"line":29,"column":12},"end":{"line":29,"column":42}},"27":{"start":{"line":30,"column":12},"end":{"line":30,"column":36}},"28":{"start":{"line":34,"column":8},"end":{"line":42,"column":11}},"29":{"start":{"line":35,"column":12},"end":{"line":35,"column":23}},"30":{"start":{"line":36,"column":12},"end":{"line":39,"column":25}},"31":{"start":{"line":37,"column":16},"end":{"line":37,"column":28}},"32":{"start":{"line":39,"column":16},"end":{"line":39,"column":25}},"33":{"start":{"line":40,"column":12},"end":{"line":40,"column":96}},"34":{"start":{"line":41,"column":12},"end":{"line":41,"column":21}},"35":{"start":{"line":45,"column":8},"end":{"line":48,"column":11}},"36":{"start":{"line":46,"column":12},"end":{"line":46,"column":100}},"37":{"start":{"line":47,"column":12},"end":{"line":47,"column":47}},"38":{"start":{"line":51,"column":8},"end":{"line":51,"column":20}},"39":{"start":{"line":54,"column":8},"end":{"line":54,"column":20}},"40":{"start":{"line":57,"column":8},"end":{"line":57,"column":62}},"41":{"start":{"line":58,"column":8},"end":{"line":58,"column":20}},"42":{"start":{"line":61,"column":8},"end":{"line":61,"column":38}},"43":{"start":{"line":62,"column":8},"end":{"line":62,"column":26}},"44":{"start":{"line":63,"column":8},"end":{"line":63,"column":20}},"45":{"start":{"line":66,"column":8},"end":{"line":72,"column":11}},"46":{"start":{"line":67,"column":12},"end":{"line":67,"column":43}},"47":{"start":{"line":68,"column":12},"end":{"line":68,"column":40}},"48":{"start":{"line":69,"column":12},"end":{"line":69,"column":27}},"49":{"start":{"line":70,"column":12},"end":{"line":70,"column":49}},"50":{"start":{"line":70,"column":29},"end":{"line":70,"column":47}},"51":{"start":{"line":71,"column":12},"end":{"line":71,"column":26}},"52":{"start":{"line":75,"column":8},"end":{"line":101,"column":11}},"53":{"start":{"line":76,"column":12},"end":{"line":76,"column":18}},"54":{"start":{"line":77,"column":12},"end":{"line":82,"column":13}},"55":{"start":{"line":78,"column":16},"end":{"line":78,"column":72}},"56":{"start":{"line":81,"column":16},"end":{"line":81,"column":71}},"57":{"start":{"line":81,"column":47},"end":{"line":81,"column":51}},"58":{"start":{"line":83,"column":12},"end":{"line":83,"column":30}},"59":{"start":{"line":84,"column":12},"end":{"line":84,"column":43}},"60":{"start":{"line":85,"column":12},"end":{"line":99,"column":13}},"61":{"start":{"line":86,"column":16},"end":{"line":98,"column":17}},"62":{"start":{"line":87,"column":20},"end":{"line":87,"column":72}},"63":{"start":{"line":88,"column":20},"end":{"line":97,"column":21}},"64":{"start":{"line":89,"column":24},"end":{"line":91,"column":27}},"65":{"start":{"line":90,"column":28},"end":{"line":90,"column":69}},"66":{"start":{"line":94,"column":24},"end":{"line":96,"column":27}},"67":{"start":{"line":95,"column":28},"end":{"line":95,"column":69}},"68":{"start":{"line":100,"column":12},"end":{"line":100,"column":26}},"69":{"start":{"line":104,"column":8},"end":{"line":111,"column":11}},"70":{"start":{"line":105,"column":12},"end":{"line":105,"column":43}},"71":{"start":{"line":106,"column":12},"end":{"line":106,"column":57}},"72":{"start":{"line":107,"column":12},"end":{"line":110,"column":28}},"73":{"start":{"line":108,"column":16},"end":{"line":108,"column":28}},"74":{"start":{"line":110,"column":16},"end":{"line":110,"column":28}},"75":{"start":{"line":114,"column":8},"end":{"line":121,"column":11}},"76":{"start":{"line":115,"column":12},"end":{"line":115,"column":43}},"77":{"start":{"line":116,"column":12},"end":{"line":116,"column":53}},"78":{"start":{"line":117,"column":12},"end":{"line":120,"column":28}},"79":{"start":{"line":118,"column":16},"end":{"line":118,"column":28}},"80":{"start":{"line":120,"column":16},"end":{"line":120,"column":28}},"81":{"start":{"line":124,"column":8},"end":{"line":127,"column":10}},"82":{"start":{"line":128,"column":8},"end":{"line":128,"column":102}},"83":{"start":{"line":131,"column":8},"end":{"line":132,"column":24}},"84":{"start":{"line":132,"column":12},"end":{"line":132,"column":24}},"85":{"start":{"line":133,"column":8},"end":{"line":133,"column":29}},"86":{"start":{"line":134,"column":8},"end":{"line":134,"column":35}},"87":{"start":{"line":135,"column":8},"end":{"line":135,"column":38}},"88":{"start":{"line":136,"column":8},"end":{"line":136,"column":31}},"89":{"start":{"line":137,"column":8},"end":{"line":137,"column":31}},"90":{"start":{"line":138,"column":8},"end":{"line":138,"column":45}},"91":{"start":{"line":139,"column":8},"end":{"line":139,"column":27}},"92":{"start":{"line":142,"column":8},"end":{"line":142,"column":19}},"93":{"start":{"line":143,"column":8},"end":{"line":146,"column":11}},"94":{"start":{"line":144,"column":12},"end":{"line":145,"column":59}},"95":{"start":{"line":145,"column":16},"end":{"line":145,"column":59}},"96":{"start":{"line":147,"column":8},"end":{"line":147,"column":17}},"97":{"start":{"line":150,"column":8},"end":{"line":150,"column":34}},"98":{"start":{"line":151,"column":8},"end":{"line":151,"column":45}},"99":{"start":{"line":152,"column":8},"end":{"line":152,"column":43}},"100":{"start":{"line":153,"column":8},"end":{"line":153,"column":39}},"101":{"start":{"line":154,"column":8},"end":{"line":154,"column":41}},"102":{"start":{"line":155,"column":8},"end":{"line":155,"column":41}},"103":{"start":{"line":156,"column":8},"end":{"line":156,"column":42}},"104":{"start":{"line":157,"column":8},"end":{"line":157,"column":39}},"105":{"start":{"line":158,"column":8},"end":{"line":158,"column":39}},"106":{"start":{"line":159,"column":8},"end":{"line":159,"column":39}},"107":{"start":{"line":160,"column":8},"end":{"line":160,"column":39}},"108":{"start":{"line":161,"column":8},"end":{"line":161,"column":39}},"109":{"start":{"line":162,"column":8},"end":{"line":162,"column":27}},"110":{"start":{"line":163,"column":8},"end":{"line":163,"column":24}},"111":{"start":{"line":164,"column":8},"end":{"line":164,"column":46}},"112":{"start":{"line":165,"column":8},"end":{"line":165,"column":27}},"113":{"start":{"line":166,"column":8},"end":{"line":166,"column":66}},"114":{"start":{"line":167,"column":8},"end":{"line":167,"column":44}},"115":{"start":{"line":168,"column":8},"end":{"line":168,"column":43}},"116":{"start":{"line":169,"column":8},"end":{"line":178,"column":9}},"117":{"start":{"line":170,"column":12},"end":{"line":171,"column":51}},"118":{"start":{"line":171,"column":16},"end":{"line":171,"column":51}},"119":{"start":{"line":172,"column":12},"end":{"line":177,"column":13}},"120":{"start":{"line":173,"column":16},"end":{"line":173,"column":39}},"121":{"start":{"line":174,"column":16},"end":{"line":175,"column":51}},"122":{"start":{"line":175,"column":20},"end":{"line":175,"column":51}},"123":{"start":{"line":176,"column":16},"end":{"line":176,"column":71}},"124":{"start":{"line":179,"column":8},"end":{"line":179,"column":20}},"125":{"start":{"line":182,"column":8},"end":{"line":182,"column":41}},"126":{"start":{"line":183,"column":8},"end":{"line":183,"column":39}},"127":{"start":{"line":184,"column":8},"end":{"line":184,"column":36}},"128":{"start":{"line":185,"column":8},"end":{"line":186,"column":48}},"129":{"start":{"line":186,"column":12},"end":{"line":186,"column":48}},"130":{"start":{"line":187,"column":8},"end":{"line":187,"column":24}},"131":{"start":{"line":190,"column":0},"end":{"line":190,"column":44}}},"branchMap":{"1":{"line":2,"type":"binary-expr","locations":[{"start":{"line":2,"column":17},"end":{"line":2,"column":21}},{"start":{"line":2,"column":25},"end":{"line":2,"column":39}},{"start":{"line":2,"column":44},"end":{"line":9,"column":1}}]},"2":{"line":3,"type":"binary-expr","locations":[{"start":{"line":3,"column":16},"end":{"line":3,"column":17}},{"start":{"line":3,"column":22},"end":{"line":3,"column":33}}]},"3":{"line":6,"type":"cond-expr","locations":[{"start":{"line":6,"column":46},"end":{"line":6,"column":67}},{"start":{"line":6,"column":70},"end":{"line":6,"column":148}}]},"4":{"line":30,"type":"cond-expr","locations":[{"start":{"line":30,"column":23},"end":{"line":30,"column":27}},{"start":{"line":30,"column":30},"end":{"line":30,"column":35}}]},"5":{"line":36,"type":"if","locations":[{"start":{"line":36,"column":12},"end":{"line":36,"column":12}},{"start":{"line":36,"column":12},"end":{"line":36,"column":12}}]},"6":{"line":77,"type":"if","locations":[{"start":{"line":77,"column":12},"end":{"line":77,"column":12}},{"start":{"line":77,"column":12},"end":{"line":77,"column":12}}]},"7":{"line":85,"type":"if","locations":[{"start":{"line":85,"column":12},"end":{"line":85,"column":12}},{"start":{"line":85,"column":12},"end":{"line":85,"column":12}}]},"8":{"line":86,"type":"if","locations":[{"start":{"line":86,"column":16},"end":{"line":86,"column":16}},{"start":{"line":86,"column":16},"end":{"line":86,"column":16}}]},"9":{"line":88,"type":"if","locations":[{"start":{"line":88,"column":20},"end":{"line":88,"column":20}},{"start":{"line":88,"column":20},"end":{"line":88,"column":20}}]},"10":{"line":107,"type":"if","locations":[{"start":{"line":107,"column":12},"end":{"line":107,"column":12}},{"start":{"line":107,"column":12},"end":{"line":107,"column":12}}]},"11":{"line":107,"type":"binary-expr","locations":[{"start":{"line":107,"column":16},"end":{"line":107,"column":17}},{"start":{"line":107,"column":21},"end":{"line":107,"column":33}}]},"12":{"line":117,"type":"if","locations":[{"start":{"line":117,"column":12},"end":{"line":117,"column":12}},{"start":{"line":117,"column":12},"end":{"line":117,"column":12}}]},"13":{"line":117,"type":"binary-expr","locations":[{"start":{"line":117,"column":16},"end":{"line":117,"column":17}},{"start":{"line":117,"column":21},"end":{"line":117,"column":33}}]},"14":{"line":131,"type":"if","locations":[{"start":{"line":131,"column":8},"end":{"line":131,"column":8}},{"start":{"line":131,"column":8},"end":{"line":131,"column":8}}]},"15":{"line":144,"type":"if","locations":[{"start":{"line":144,"column":12},"end":{"line":144,"column":12}},{"start":{"line":144,"column":12},"end":{"line":144,"column":12}}]},"16":{"line":169,"type":"if","locations":[{"start":{"line":169,"column":8},"end":{"line":169,"column":8}},{"start":{"line":169,"column":8},"end":{"line":169,"column":8}}]},"17":{"line":169,"type":"binary-expr","locations":[{"start":{"line":169,"column":12},"end":{"line":169,"column":21}},{"start":{"line":169,"column":25},"end":{"line":169,"column":36}}]},"18":{"line":170,"type":"if","locations":[{"start":{"line":170,"column":12},"end":{"line":170,"column":12}},{"start":{"line":170,"column":12},"end":{"line":170,"column":12}}]},"19":{"line":174,"type":"if","locations":[{"start":{"line":174,"column":16},"end":{"line":174,"column":16}},{"start":{"line":174,"column":16},"end":{"line":174,"column":16}}]},"20":{"line":185,"type":"if","locations":[{"start":{"line":185,"column":8},"end":{"line":185,"column":8}},{"start":{"line":185,"column":8},"end":{"line":185,"column":8}}]}}},"D:\\MyProject\\mlyknown\\tiny-entity\\entityObject.js":{"path":"D:\\MyProject\\mlyknown\\tiny-entity\\entityObject.js","s":{"1":0,"2":0,"3":0,"4":0,"5":0,"6":0,"7":0,"8":0,"9":0,"10":0,"11":0,"12":0,"13":0,"14":0,"15":0,"16":1},"b":{},"f":{"1":3,"2":0,"3":0,"4":0,"5":0,"6":0,"7":0,"8":0,"9":0,"10":0,"11":0,"12":0,"13":0,"14":0,"15":0,"16":0},"fnMap":{"1":{"name":"(anonymous_1)","line":3,"loc":{"start":{"line":3,"column":15},"end":{"line":3,"column":21}}},"2":{"name":"(anonymous_2)","line":5,"loc":{"start":{"line":5,"column":12},"end":{"line":5,"column":15}}},"3":{"name":"(anonymous_3)","line":6,"loc":{"start":{"line":6,"column":9},"end":{"line":6,"column":39}}},"4":{"name":"(anonymous_4)","line":7,"loc":{"start":{"line":7,"column":9},"end":{"line":7,"column":39}}},"5":{"name":"(anonymous_5)","line":8,"loc":{"start":{"line":8,"column":7},"end":{"line":8,"column":52}}},"6":{"name":"(anonymous_6)","line":9,"loc":{"start":{"line":9,"column":9},"end":{"line":9,"column":54}}},"7":{"name":"(anonymous_7)","line":10,"loc":{"start":{"line":10,"column":10},"end":{"line":10,"column":26}}},"8":{"name":"(anonymous_8)","line":13,"loc":{"start":{"line":13,"column":9},"end":{"line":13,"column":54}}},"9":{"name":"(anonymous_9)","line":14,"loc":{"start":{"line":14,"column":11},"end":{"line":14,"column":17}}},"10":{"name":"(anonymous_10)","line":15,"loc":{"start":{"line":15,"column":15},"end":{"line":15,"column":21}}},"11":{"name":"(anonymous_11)","line":16,"loc":{"start":{"line":16,"column":10},"end":{"line":16,"column":16}}},"12":{"name":"(anonymous_12)","line":17,"loc":{"start":{"line":17,"column":8},"end":{"line":17,"column":16}}},"13":{"name":"(anonymous_13)","line":18,"loc":{"start":{"line":18,"column":8},"end":{"line":18,"column":16}}},"14":{"name":"(anonymous_14)","line":19,"loc":{"start":{"line":19,"column":7},"end":{"line":19,"column":13}}},"15":{"name":"(anonymous_15)","line":20,"loc":{"start":{"line":20,"column":7},"end":{"line":20,"column":13}}},"16":{"name":"(anonymous_16)","line":21,"loc":{"start":{"line":21,"column":12},"end":{"line":21,"column":28}}}},"statementMap":{"1":{"start":{"line":5,"column":17},"end":{"line":5,"column":27}},"2":{"start":{"line":6,"column":41},"end":{"line":6,"column":53}},"3":{"start":{"line":7,"column":41},"end":{"line":7,"column":53}},"4":{"start":{"line":8,"column":54},"end":{"line":8,"column":66}},"5":{"start":{"line":9,"column":56},"end":{"line":9,"column":68}},"6":{"start":{"line":11,"column":8},"end":{"line":11,"column":20}},"7":{"start":{"line":13,"column":56},"end":{"line":13,"column":68}},"8":{"start":{"line":14,"column":19},"end":{"line":14,"column":31}},"9":{"start":{"line":15,"column":23},"end":{"line":15,"column":35}},"10":{"start":{"line":16,"column":18},"end":{"line":16,"column":30}},"11":{"start":{"line":17,"column":18},"end":{"line":17,"column":30}},"12":{"start":{"line":18,"column":18},"end":{"line":18,"column":30}},"13":{"start":{"line":19,"column":15},"end":{"line":19,"column":27}},"14":{"start":{"line":20,"column":15},"end":{"line":20,"column":27}},"15":{"start":{"line":21,"column":30},"end":{"line":21,"column":42}},"16":{"start":{"line":23,"column":0},"end":{"line":23,"column":36}}},"branchMap":{}}}