TN:
SF:D:\MyProject\mlyknown\tiny-entity\indexedDB\dataContextIndexedDB.js
FN:2,(anonymous_1)
FN:3,(anonymous_2)
FN:4,fulfilled
FN:5,rejected
FN:6,step
FN:6,(anonymous_6)
FN:12,(anonymous_7)
FN:20,(anonymous_8)
FN:32,(anonymous_9)
FN:45,(anonymous_10)
FN:46,(anonymous_11)
FN:60,(anonymous_12)
FN:72,(anonymous_13)
FN:79,(anonymous_14)
FN:85,(anonymous_15)
FN:90,(anonymous_16)
FN:91,(anonymous_17)
FN:218,(anonymous_18)
FN:229,(anonymous_19)
FN:230,(anonymous_20)
FN:242,(anonymous_21)
FN:256,(anonymous_22)
FN:272,(anonymous_23)
FN:274,(anonymous_24)
FN:276,(anonymous_25)
FN:278,(anonymous_26)
FN:282,(anonymous_27)
FNF:27
FNH:1
FNDA:0,(anonymous_1)
FNDA:0,(anonymous_2)
FNDA:0,fulfilled
FNDA:0,rejected
FNDA:0,step
FNDA:0,(anonymous_6)
FNDA:0,(anonymous_7)
FNDA:0,(anonymous_8)
FNDA:0,(anonymous_9)
FNDA:0,(anonymous_10)
FNDA:0,(anonymous_11)
FNDA:0,(anonymous_12)
FNDA:0,(anonymous_13)
FNDA:0,(anonymous_14)
FNDA:0,(anonymous_15)
FNDA:0,(anonymous_16)
FNDA:0,(anonymous_17)
FNDA:0,(anonymous_18)
FNDA:0,(anonymous_19)
FNDA:0,(anonymous_20)
FNDA:0,(anonymous_21)
FNDA:0,(anonymous_22)
FNDA:0,(anonymous_23)
FNDA:0,(anonymous_24)
FNDA:0,(anonymous_25)
FNDA:0,(anonymous_26)
FNDA:1,(anonymous_27)
DA:2,1
DA:3,0
DA:4,1
DA:5,1
DA:6,1
DA:7,0
DA:10,1
DA:13,0
DA:14,0
DA:15,0
DA:16,0
DA:17,0
DA:18,0
DA:21,0
DA:22,0
DA:27,0
DA:33,0
DA:34,0
DA:39,0
DA:46,0
DA:47,0
DA:48,0
DA:49,0
DA:50,0
DA:51,0
DA:52,0
DA:54,0
DA:55,0
DA:61,0
DA:62,0
DA:67,0
DA:73,0
DA:80,0
DA:81,0
DA:83,0
DA:86,0
DA:87,0
DA:91,0
DA:92,0
DA:93,0
DA:94,0
DA:95,0
DA:96,0
DA:97,0
DA:98,0
DA:99,0
DA:100,0
DA:101,0
DA:104,0
DA:105,0
DA:106,0
DA:107,0
DA:108,0
DA:109,0
DA:110,0
DA:111,0
DA:112,0
DA:113,0
DA:116,0
DA:119,0
DA:123,0
DA:124,0
DA:125,0
DA:126,0
DA:127,0
DA:128,0
DA:129,0
DA:132,0
DA:135,0
DA:139,0
DA:140,0
DA:141,0
DA:142,0
DA:143,0
DA:144,0
DA:146,0
DA:149,0
DA:153,0
DA:154,0
DA:155,0
DA:156,0
DA:157,0
DA:158,0
DA:161,0
DA:165,0
DA:166,0
DA:167,0
DA:168,0
DA:169,0
DA:172,0
DA:175,0
DA:179,0
DA:180,0
DA:181,0
DA:182,0
DA:183,0
DA:184,0
DA:185,0
DA:189,0
DA:193,0
DA:194,0
DA:195,0
DA:196,0
DA:197,0
DA:198,0
DA:200,0
DA:203,0
DA:207,0
DA:208,0
DA:209,0
DA:211,0
DA:212,0
DA:213,0
DA:219,0
DA:220,0
DA:221,0
DA:224,0
DA:227,0
DA:230,0
DA:231,0
DA:232,0
DA:233,0
DA:234,0
DA:235,0
DA:236,0
DA:237,0
DA:243,0
DA:244,0
DA:245,0
DA:246,0
DA:247,0
DA:248,0
DA:250,0
DA:251,0
DA:254,0
DA:257,0
DA:258,0
DA:259,0
DA:260,0
DA:261,0
DA:264,0
DA:265,0
DA:270,0
DA:281,1
DA:282,1
DA:283,1
DA:284,1
DA:285,1
DA:286,1
DA:287,1
DA:288,1
DA:289,1
DA:290,1
DA:292,1
LF:154
LH:16
BRDA:2,1,0,1
BRDA:2,1,1,1
BRDA:2,1,2,1
BRDA:3,2,0,0
BRDA:3,2,1,0
BRDA:6,3,0,0
BRDA:6,3,1,0
BRDA:80,4,0,0
BRDA:80,4,1,0
BRDA:92,5,0,0
BRDA:92,5,1,0
BRDA:92,6,0,0
BRDA:92,6,1,0
BRDA:96,7,0,0
BRDA:96,7,1,0
BRDA:101,8,0,0
BRDA:101,8,1,0
BRDA:104,9,0,0
BRDA:104,9,1,0
BRDA:106,10,0,0
BRDA:106,10,1,0
BRDA:107,11,0,0
BRDA:107,11,1,0
BRDA:113,12,0,0
BRDA:113,12,1,0
BRDA:119,13,0,0
BRDA:119,13,1,0
BRDA:123,14,0,0
BRDA:123,14,1,0
BRDA:125,15,0,0
BRDA:125,15,1,0
BRDA:126,16,0,0
BRDA:126,16,1,0
BRDA:135,17,0,0
BRDA:135,17,1,0
BRDA:139,18,0,0
BRDA:139,18,1,0
BRDA:142,19,0,0
BRDA:142,19,1,0
BRDA:143,20,0,0
BRDA:143,20,1,0
BRDA:149,21,0,0
BRDA:149,21,1,0
BRDA:153,22,0,0
BRDA:153,22,1,0
BRDA:156,23,0,0
BRDA:156,23,1,0
BRDA:161,24,0,0
BRDA:161,24,1,0
BRDA:165,25,0,0
BRDA:165,25,1,0
BRDA:167,26,0,0
BRDA:167,26,1,0
BRDA:168,27,0,0
BRDA:168,27,1,0
BRDA:169,28,0,0
BRDA:169,28,1,0
BRDA:175,29,0,0
BRDA:175,29,1,0
BRDA:179,30,0,0
BRDA:179,30,1,0
BRDA:182,31,0,0
BRDA:182,31,1,0
BRDA:183,32,0,0
BRDA:183,32,1,0
BRDA:189,33,0,0
BRDA:189,33,1,0
BRDA:193,34,0,0
BRDA:193,34,1,0
BRDA:195,35,0,0
BRDA:195,35,1,0
BRDA:197,36,0,0
BRDA:197,36,1,0
BRDA:198,37,0,0
BRDA:198,37,1,0
BRDA:203,38,0,0
BRDA:203,38,1,0
BRDA:220,39,0,0
BRDA:220,39,1,0
BRDA:247,40,0,0
BRDA:247,40,1,0
BRDA:247,41,0,0
BRDA:247,41,1,0
BRDA:247,41,2,0
BRDA:250,42,0,0
BRDA:250,42,1,0
BRDA:257,43,0,0
BRDA:257,43,1,0
BRDA:260,44,0,0
BRDA:260,44,1,0
BRDA:261,45,0,0
BRDA:261,45,1,0
BRDA:264,46,0,0
BRDA:264,46,1,0
BRDA:291,47,0,1
BRDA:291,47,1,1
BRF:96
BRH:5
end_of_record
TN:
SF:D:\MyProject\mlyknown\tiny-entity\indexedDB\indexedDB.js
FN:2,(anonymous_1)
FN:3,(anonymous_2)
FN:4,fulfilled
FN:5,rejected
FN:6,step
FN:6,(anonymous_6)
FN:11,(anonymous_7)
FN:17,(anonymous_8)
FN:44,(anonymous_9)
FN:45,(anonymous_10)
FN:52,(anonymous_11)
FN:55,(anonymous_12)
FN:58,(anonymous_13)
FN:63,(anonymous_14)
FN:68,(anonymous_15)
FN:75,(anonymous_16)
FN:78,(anonymous_17)
FN:84,(anonymous_18)
FN:88,(anonymous_19)
FN:91,(anonymous_20)
FNF:20
FNH:1
FNDA:0,(anonymous_1)
FNDA:0,(anonymous_2)
FNDA:0,fulfilled
FNDA:0,rejected
FNDA:0,step
FNDA:0,(anonymous_6)
FNDA:0,(anonymous_7)
FNDA:0,(anonymous_8)
FNDA:0,(anonymous_9)
FNDA:0,(anonymous_10)
FNDA:0,(anonymous_11)
FNDA:0,(anonymous_12)
FNDA:0,(anonymous_13)
FNDA:0,(anonymous_14)
FNDA:0,(anonymous_15)
FNDA:0,(anonymous_16)
FNDA:0,(anonymous_17)
FNDA:3,(anonymous_18)
FNDA:0,(anonymous_19)
FNDA:0,(anonymous_20)
DA:2,1
DA:3,0
DA:4,1
DA:5,1
DA:6,1
DA:7,0
DA:12,0
DA:13,0
DA:14,0
DA:15,0
DA:18,0
DA:19,0
DA:20,0
DA:21,0
DA:22,0
DA:23,0
DA:24,0
DA:26,0
DA:27,0
DA:28,0
DA:29,0
DA:34,0
DA:35,0
DA:36,0
DA:37,0
DA:39,0
DA:40,0
DA:45,0
DA:46,0
DA:47,0
DA:49,0
DA:53,0
DA:56,0
DA:59,0
DA:60,0
DA:64,0
DA:65,0
DA:69,0
DA:70,0
DA:71,0
DA:72,0
DA:76,0
DA:79,0
DA:82,1
DA:85,3
DA:86,3
DA:89,0
DA:92,0
DA:95,1
DA:96,1
DA:97,1
DA:98,1
LF:52
LH:11
BRDA:2,1,0,1
BRDA:2,1,1,1
BRDA:2,1,2,1
BRDA:3,2,0,0
BRDA:3,2,1,0
BRDA:6,3,0,0
BRDA:6,3,1,0
BRDA:12,4,0,0
BRDA:12,4,1,0
BRDA:23,5,0,0
BRDA:23,5,1,0
BRDA:27,6,0,0
BRDA:27,6,1,0
BRDA:46,7,0,0
BRDA:46,7,1,0
BRDA:72,8,0,0
BRDA:72,8,1,0
BRF:17
BRH:3
end_of_record
TN:
SF:D:\MyProject\mlyknown\tiny-entity\mysql\dataContextMysql.js
FN:2,(anonymous_1)
FN:3,(anonymous_2)
FN:4,fulfilled
FN:5,rejected
FN:6,step
FN:6,(anonymous_6)
FN:14,(anonymous_7)
FN:20,(anonymous_8)
FN:21,(anonymous_9)
FN:35,(anonymous_10)
FN:36,(anonymous_11)
FN:65,(anonymous_12)
FN:75,(anonymous_13)
FN:78,(anonymous_14)
FN:82,(anonymous_15)
FN:110,(anonymous_16)
FN:111,(anonymous_17)
FN:124,(anonymous_18)
FN:125,(anonymous_19)
FN:129,(anonymous_20)
FN:147,(anonymous_21)
FN:171,(anonymous_22)
FN:176,(anonymous_23)
FNF:23
FNH:0
FNDA:0,(anonymous_1)
FNDA:0,(anonymous_2)
FNDA:0,fulfilled
FNDA:0,rejected
FNDA:0,step
FNDA:0,(anonymous_6)
FNDA:0,(anonymous_7)
FNDA:0,(anonymous_8)
FNDA:0,(anonymous_9)
FNDA:0,(anonymous_10)
FNDA:0,(anonymous_11)
FNDA:0,(anonymous_12)
FNDA:0,(anonymous_13)
FNDA:0,(anonymous_14)
FNDA:0,(anonymous_15)
FNDA:0,(anonymous_16)
FNDA:0,(anonymous_17)
FNDA:0,(anonymous_18)
FNDA:0,(anonymous_19)
FNDA:0,(anonymous_20)
FNDA:0,(anonymous_21)
FNDA:0,(anonymous_22)
FNDA:0,(anonymous_23)
DA:2,1
DA:3,0
DA:4,1
DA:5,1
DA:6,1
DA:7,0
DA:10,1
DA:11,1
DA:12,1
DA:15,0
DA:16,0
DA:17,0
DA:18,0
DA:21,0
DA:22,0
DA:23,0
DA:24,0
DA:25,0
DA:26,0
DA:27,0
DA:30,0
DA:31,0
DA:36,0
DA:37,0
DA:38,0
DA:39,0
DA:40,0
DA:41,0
DA:42,0
DA:43,0
DA:44,0
DA:46,0
DA:47,0
DA:50,0
DA:54,0
DA:55,0
DA:56,0
DA:57,0
DA:60,0
DA:61,0
DA:66,0
DA:67,0
DA:68,0
DA:69,0
DA:72,0
DA:76,0
DA:79,0
DA:80,0
DA:81,0
DA:82,0
DA:83,0
DA:84,0
DA:85,0
DA:87,0
DA:88,0
DA:89,0
DA:90,0
DA:93,0
DA:94,0
DA:96,0
DA:97,0
DA:98,0
DA:99,0
DA:100,0
DA:102,0
DA:103,0
DA:104,0
DA:105,0
DA:111,0
DA:112,0
DA:113,0
DA:114,0
DA:115,0
DA:118,0
DA:126,0
DA:127,0
DA:130,0
DA:131,0
DA:132,0
DA:133,0
DA:134,0
DA:135,0
DA:137,0
DA:138,0
DA:139,0
DA:140,0
DA:142,0
DA:148,0
DA:149,0
DA:150,0
DA:151,0
DA:152,0
DA:153,0
DA:154,0
DA:155,0
DA:156,0
DA:158,0
DA:159,0
DA:161,0
DA:162,0
DA:165,0
DA:169,0
DA:172,0
DA:173,0
DA:174,0
DA:177,0
DA:186,0
DA:187,0
DA:188,0
DA:189,0
DA:190,0
DA:191,0
DA:194,1
LF:113
LH:8
BRDA:2,1,0,1
BRDA:2,1,1,1
BRDA:2,1,2,1
BRDA:3,2,0,0
BRDA:3,2,1,0
BRDA:6,3,0,0
BRDA:6,3,1,0
BRDA:17,4,0,0
BRDA:17,4,1,0
BRDA:26,5,0,0
BRDA:26,5,1,0
BRDA:40,6,0,0
BRDA:40,6,1,0
BRDA:40,7,0,0
BRDA:40,7,1,0
BRDA:41,8,0,0
BRDA:41,8,1,0
BRDA:41,9,0,0
BRDA:41,9,1,0
BRDA:41,9,2,0
BRDA:43,10,0,0
BRDA:43,10,1,0
BRDA:46,11,0,0
BRDA:46,11,1,0
BRDA:56,12,0,0
BRDA:56,12,1,0
BRDA:68,13,0,0
BRDA:68,13,1,0
BRDA:79,14,0,0
BRDA:79,14,1,0
BRDA:83,15,0,0
BRDA:83,15,1,0
BRDA:88,16,0,0
BRDA:88,16,1,0
BRDA:97,17,0,0
BRDA:97,17,1,0
BRDA:114,18,0,0
BRDA:114,18,1,0
BRDA:133,19,0,0
BRDA:133,19,1,0
BRDA:139,20,0,0
BRDA:139,20,1,0
BRDA:151,21,0,0
BRDA:151,21,1,0
BRDA:152,22,0,0
BRDA:152,22,1,0
BRDA:152,23,0,0
BRDA:152,23,1,0
BRDA:152,23,2,0
BRDA:155,24,0,0
BRDA:155,24,1,0
BRDA:155,25,0,0
BRDA:155,25,1,0
BRDA:158,26,0,0
BRDA:158,26,1,0
BRDA:161,27,0,0
BRDA:161,27,1,0
BRDA:172,28,0,0
BRDA:172,28,1,0
BRDA:172,29,0,0
BRDA:172,29,1,0
BRDA:174,30,0,0
BRDA:174,30,1,0
BRDA:174,30,2,0
BRDA:186,31,0,0
BRDA:186,31,1,0
BRDA:189,32,0,0
BRDA:189,32,1,0
BRDA:190,33,0,0
BRDA:190,33,1,0
BRF:70
BRH:3
end_of_record
TN:
SF:D:\MyProject\mlyknown\tiny-entity\entityCopier.js
FN:3,(anonymous_1)
FN:21,(anonymous_2)
FNF:2
FNH:0
FNDA:0,(anonymous_1)
FNDA:0,(anonymous_2)
DA:4,0
DA:5,0
DA:6,0
DA:7,0
DA:8,0
DA:9,0
DA:10,0
DA:11,0
DA:12,0
DA:13,0
DA:15,0
DA:16,0
DA:19,0
DA:22,0
DA:23,0
DA:24,0
DA:25,0
DA:26,0
DA:27,0
DA:28,0
DA:29,0
DA:34,0
DA:37,1
LF:23
LH:1
BRDA:8,1,0,0
BRDA:8,1,1,0
BRDA:8,2,0,0
BRDA:8,2,1,0
BRDA:10,3,0,0
BRDA:10,3,1,0
BRDA:12,4,0,0
BRDA:12,4,1,0
BRDA:15,5,0,0
BRDA:15,5,1,0
BRDA:28,6,0,0
BRDA:28,6,1,0
BRDA:28,7,0,0
BRDA:28,7,1,0
BRF:14
BRH:0
end_of_record
TN:
SF:D:\MyProject\mlyknown\tiny-entity\nedb\dataContextNeDB.js
FN:2,(anonymous_1)
FN:3,(anonymous_2)
FN:4,fulfilled
FN:5,rejected
FN:6,step
FN:6,(anonymous_6)
FN:14,(anonymous_7)
FN:24,(anonymous_8)
FN:25,(anonymous_9)
FN:45,(anonymous_10)
FN:46,(anonymous_11)
FN:59,(anonymous_12)
FN:60,(anonymous_13)
FN:82,(anonymous_14)
FN:83,(anonymous_15)
FN:102,(anonymous_16)
FN:103,(anonymous_17)
FN:118,(anonymous_18)
FN:119,(anonymous_19)
FN:131,(anonymous_20)
FN:132,(anonymous_21)
FN:151,(anonymous_22)
FN:152,(anonymous_23)
FN:166,(anonymous_24)
FN:169,(anonymous_25)
FN:177,(anonymous_26)
FN:178,(anonymous_27)
FN:186,(anonymous_28)
FN:247,(anonymous_29)
FN:248,(anonymous_30)
FN:276,(anonymous_31)
FN:287,(anonymous_32)
FNF:32
FNH:23
FNDA:11,(anonymous_1)
FNDA:11,(anonymous_2)
FNDA:8,fulfilled
FNDA:0,rejected
FNDA:19,step
FNDA:8,(anonymous_6)
FNDA:1,(anonymous_7)
FNDA:1,(anonymous_8)
FNDA:1,(anonymous_9)
FNDA:1,(anonymous_10)
FNDA:1,(anonymous_11)
FNDA:0,(anonymous_12)
FNDA:0,(anonymous_13)
FNDA:1,(anonymous_14)
FNDA:1,(anonymous_15)
FNDA:1,(anonymous_16)
FNDA:1,(anonymous_17)
FNDA:0,(anonymous_18)
FNDA:0,(anonymous_19)
FNDA:1,(anonymous_20)
FNDA:1,(anonymous_21)
FNDA:1,(anonymous_22)
FNDA:1,(anonymous_23)
FNDA:0,(anonymous_24)
FNDA:0,(anonymous_25)
FNDA:5,(anonymous_26)
FNDA:5,(anonymous_27)
FNDA:18,(anonymous_28)
FNDA:0,(anonymous_29)
FNDA:0,(anonymous_30)
FNDA:3,(anonymous_31)
FNDA:1,(anonymous_32)
DA:2,1
DA:3,11
DA:4,8
DA:5,1
DA:6,19
DA:7,11
DA:10,1
DA:11,1
DA:12,1
DA:15,1
DA:16,1
DA:17,1
DA:18,1
DA:19,1
DA:20,0
DA:21,0
DA:25,1
DA:26,1
DA:27,1
DA:28,1
DA:29,1
DA:30,1
DA:31,1
DA:32,1
DA:35,0
DA:36,0
DA:39,0
DA:42,1
DA:46,1
DA:47,1
DA:48,1
DA:49,1
DA:50,1
DA:51,0
DA:53,1
DA:60,0
DA:61,0
DA:62,0
DA:63,0
DA:64,0
DA:65,0
DA:66,0
DA:67,0
DA:68,0
DA:69,0
DA:70,0
DA:71,0
DA:73,0
DA:77,0
DA:83,1
DA:84,1
DA:85,1
DA:86,1
DA:87,1
DA:88,1
DA:89,0
DA:90,0
DA:92,1
DA:93,1
DA:94,1
DA:95,1
DA:97,0
DA:103,1
DA:104,1
DA:105,1
DA:106,1
DA:107,1
DA:108,1
DA:109,0
DA:112,1
DA:119,0
DA:120,0
DA:121,0
DA:122,0
DA:123,0
DA:124,0
DA:126,0
DA:132,1
DA:133,1
DA:134,1
DA:135,1
DA:136,1
DA:137,0
DA:138,0
DA:140,1
DA:141,1
DA:142,1
DA:143,1
DA:145,0
DA:148,1
DA:152,1
DA:153,1
DA:154,1
DA:155,1
DA:156,1
DA:157,0
DA:159,1
DA:163,1
DA:167,0
DA:170,0
DA:171,0
DA:172,0
DA:173,0
DA:178,5
DA:179,5
DA:180,1
DA:181,5
DA:182,5
DA:183,5
DA:184,5
DA:185,5
DA:187,18
DA:188,18
DA:189,18
DA:190,18
DA:191,0
DA:192,18
DA:193,14
DA:194,14
DA:197,18
DA:200,0
DA:205,5
DA:207,1
DA:208,1
DA:209,0
DA:211,1
DA:213,1
DA:215,0
DA:216,0
DA:217,0
DA:219,0
DA:221,0
DA:223,4
DA:224,4
DA:225,0
DA:227,4
DA:229,4
DA:231,0
DA:232,0
DA:235,0
DA:236,0
DA:237,0
DA:239,0
DA:241,0
DA:244,5
DA:248,0
DA:249,0
DA:250,0
DA:251,0
DA:252,0
DA:253,0
DA:254,0
DA:256,0
DA:257,0
DA:259,0
DA:260,0
DA:262,0
DA:263,0
DA:268,0
DA:271,0
DA:277,3
DA:278,0
DA:285,1
DA:286,1
DA:287,1
DA:288,1
DA:289,1
DA:290,1
DA:291,1
DA:293,1
LF:170
LH:98
BRDA:2,1,0,1
BRDA:2,1,1,1
BRDA:2,1,2,1
BRDA:3,2,0,11
BRDA:3,2,1,11
BRDA:6,3,0,11
BRDA:6,3,1,8
BRDA:19,4,0,0
BRDA:19,4,1,1
BRDA:26,5,0,1
BRDA:26,5,1,0
BRDA:26,6,0,1
BRDA:26,6,1,0
BRDA:35,7,0,0
BRDA:35,7,1,0
BRDA:50,8,0,0
BRDA:50,8,1,1
BRDA:61,9,0,0
BRDA:61,9,1,0
BRDA:61,10,0,0
BRDA:61,10,1,0
BRDA:70,11,0,0
BRDA:70,11,1,0
BRDA:84,12,0,1
BRDA:84,12,1,0
BRDA:84,13,0,1
BRDA:84,13,1,0
BRDA:88,14,0,0
BRDA:88,14,1,1
BRDA:108,15,0,0
BRDA:108,15,1,1
BRDA:123,16,0,0
BRDA:123,16,1,0
BRDA:133,17,0,1
BRDA:133,17,1,0
BRDA:133,18,0,1
BRDA:133,18,1,0
BRDA:136,19,0,0
BRDA:136,19,1,1
BRDA:156,20,0,0
BRDA:156,20,1,1
BRDA:171,21,0,0
BRDA:171,21,1,0
BRDA:179,22,0,1
BRDA:179,22,1,4
BRDA:179,23,0,5
BRDA:179,23,1,4
BRDA:184,24,0,5
BRDA:184,24,1,0
BRDA:190,25,0,0
BRDA:190,25,1,18
BRDA:190,26,0,18
BRDA:190,26,1,18
BRDA:192,27,0,14
BRDA:192,27,1,4
BRDA:205,28,0,1
BRDA:205,28,1,0
BRDA:205,28,2,4
BRDA:205,28,3,0
BRDA:208,29,0,0
BRDA:208,29,1,1
BRDA:216,30,0,0
BRDA:216,30,1,0
BRDA:224,31,0,0
BRDA:224,31,1,4
BRDA:236,32,0,0
BRDA:236,32,1,0
BRDA:249,33,0,0
BRDA:249,33,1,0
BRDA:254,34,0,0
BRDA:254,34,1,0
BRDA:254,34,2,0
BRDA:277,35,0,0
BRDA:277,35,1,3
BRDA:292,36,0,1
BRDA:292,36,1,1
BRF:76
BRH:36
end_of_record
TN:
SF:D:\MyProject\mlyknown\tiny-entity\nedb\nedbPool.js
FN:5,(anonymous_1)
FN:8,(anonymous_2)
FN:24,(anonymous_3)
FNF:3
FNH:3
FNDA:1,(anonymous_1)
FNDA:8,(anonymous_2)
FNDA:1,(anonymous_3)
DA:2,1
DA:3,1
DA:6,1
DA:9,8
DA:10,8
DA:11,8
DA:12,8
DA:13,8
DA:14,7
DA:17,1
DA:18,1
DA:19,1
DA:20,0
DA:25,1
DA:26,1
DA:31,1
DA:32,0
DA:33,0
DA:35,0
DA:36,0
DA:40,1
DA:41,1
DA:42,0
DA:44,1
DA:48,1
DA:52,1
DA:53,1
LF:27
LH:21
BRDA:13,1,0,7
BRDA:13,1,1,1
BRDA:31,2,0,0
BRDA:31,2,1,1
BRDA:32,3,0,0
BRDA:32,3,1,0
BRDA:41,4,0,0
BRDA:41,4,1,1
BRF:8
BRH:4
end_of_record
TN:
SF:D:\MyProject\mlyknown\tiny-entity\nedb\dbOpenWorker.js
FN:4,(anonymous_1)
FN:9,(anonymous_2)
FN:14,(anonymous_3)
FN:20,(anonymous_4)
FN:35,(anonymous_5)
FN:38,(anonymous_6)
FNF:6
FNH:1
FNDA:0,(anonymous_1)
FNDA:0,(anonymous_2)
FNDA:0,(anonymous_3)
FNDA:0,(anonymous_4)
FNDA:1,(anonymous_5)
FNDA:0,(anonymous_6)
DA:2,1
DA:5,0
DA:6,0
DA:7,0
DA:10,0
DA:11,0
DA:12,0
DA:15,0
DA:16,0
DA:17,0
DA:18,0
DA:21,0
DA:22,0
DA:23,0
DA:24,0
DA:25,0
DA:27,0
DA:28,0
DA:33,1
DA:36,1
DA:39,0
DA:40,0
DA:41,0
DA:42,0
DA:43,0
DA:46,0
DA:47,0
DA:48,0
DA:51,1
DA:52,1
LF:30
LH:5
BRDA:10,1,0,0
BRDA:10,1,1,0
BRDA:15,2,0,0
BRDA:15,2,1,0
BRDA:17,3,0,0
BRDA:17,3,1,0
BRDA:24,4,0,0
BRDA:24,4,1,0
BRDA:28,5,0,0
BRDA:28,5,1,0
BRDA:40,6,0,0
BRDA:40,6,1,0
BRF:12
BRH:0
end_of_record
TN:
SF:D:\MyProject\mlyknown\tiny-entity\nedb\index.js
FN:2,__export
FNF:1
FNH:1
FNDA:2,__export
DA:2,1
DA:3,3
DA:5,1
DA:6,1
LF:4
LH:4
BRDA:3,1,0,3
BRDA:3,1,1,0
BRF:2
BRH:1
end_of_record
TN:
SF:D:\MyProject\mlyknown\tiny-entity\nedb\entityObjectNeDB.js
FN:2,(anonymous_1)
FN:3,(anonymous_2)
FN:4,fulfilled
FN:5,rejected
FN:6,step
FN:6,(anonymous_6)
FN:13,(anonymous_7)
FN:19,(anonymous_8)
FN:20,(anonymous_9)
FN:24,(anonymous_10)
FN:27,(anonymous_11)
FN:28,(anonymous_12)
FN:33,(anonymous_13)
FN:34,(anonymous_14)
FN:44,(anonymous_15)
FN:45,(anonymous_16)
FN:50,(anonymous_17)
FN:53,(anonymous_18)
FN:56,(anonymous_19)
FN:60,(anonymous_20)
FN:65,(anonymous_21)
FN:66,(anonymous_22)
FN:74,(anonymous_23)
FN:75,(anonymous_24)
FN:103,(anonymous_25)
FN:104,(anonymous_26)
FN:113,(anonymous_27)
FN:114,(anonymous_28)
FN:123,(anonymous_29)
FN:130,(anonymous_30)
FN:141,(anonymous_31)
FN:149,(anonymous_32)
FN:181,(anonymous_33)
FNF:33
FNH:18
FNDA:5,(anonymous_1)
FNDA:5,(anonymous_2)
FNDA:5,fulfilled
FNDA:0,rejected
FNDA:10,step
FNDA:5,(anonymous_6)
FNDA:3,(anonymous_7)
FNDA:0,(anonymous_8)
FNDA:1,(anonymous_9)
FNDA:0,(anonymous_10)
FNDA:0,(anonymous_11)
FNDA:0,(anonymous_12)
FNDA:0,(anonymous_13)
FNDA:0,(anonymous_14)
FNDA:4,(anonymous_15)
FNDA:4,(anonymous_16)
FNDA:1,(anonymous_17)
FNDA:0,(anonymous_18)
FNDA:2,(anonymous_19)
FNDA:1,(anonymous_20)
FNDA:0,(anonymous_21)
FNDA:0,(anonymous_22)
FNDA:1,(anonymous_23)
FNDA:1,(anonymous_24)
FNDA:0,(anonymous_25)
FNDA:0,(anonymous_26)
FNDA:0,(anonymous_27)
FNDA:0,(anonymous_28)
FNDA:0,(anonymous_29)
FNDA:5,(anonymous_30)
FNDA:1,(anonymous_31)
FNDA:2,(anonymous_32)
FNDA:2,(anonymous_33)
DA:2,1
DA:3,5
DA:4,5
DA:5,1
DA:6,10
DA:7,5
DA:10,1
DA:11,1
DA:14,3
DA:15,3
DA:16,3
DA:17,3
DA:19,0
DA:21,1
DA:22,1
DA:25,0
DA:28,0
DA:29,0
DA:30,0
DA:34,0
DA:35,0
DA:36,0
DA:37,0
DA:39,0
DA:40,0
DA:41,0
DA:45,4
DA:46,4
DA:47,4
DA:51,1
DA:54,0
DA:57,2
DA:58,0
DA:61,1
DA:62,1
DA:63,0
DA:66,0
DA:67,0
DA:68,0
DA:69,0
DA:70,0
DA:71,0
DA:75,1
DA:76,1
DA:77,1
DA:78,1
DA:81,0
DA:83,1
DA:84,1
DA:85,1
DA:86,1
DA:87,0
DA:88,0
DA:89,0
DA:90,0
DA:94,0
DA:95,0
DA:100,1
DA:104,0
DA:105,0
DA:106,0
DA:107,0
DA:108,0
DA:110,0
DA:114,0
DA:115,0
DA:116,0
DA:117,0
DA:118,0
DA:120,0
DA:124,0
DA:128,0
DA:131,5
DA:132,1
DA:133,4
DA:134,4
DA:135,4
DA:136,4
DA:137,4
DA:138,4
DA:139,4
DA:142,1
DA:143,1
DA:144,1
DA:145,1
DA:147,1
DA:150,2
DA:151,2
DA:152,2
DA:153,2
DA:154,2
DA:155,2
DA:156,2
DA:157,2
DA:158,2
DA:159,2
DA:160,2
DA:161,2
DA:162,2
DA:163,2
DA:164,2
DA:165,2
DA:166,2
DA:167,2
DA:168,2
DA:169,2
DA:170,0
DA:171,0
DA:172,0
DA:173,0
DA:174,0
DA:175,0
DA:176,0
DA:179,2
DA:182,2
DA:183,2
DA:184,2
DA:185,2
DA:186,2
DA:187,0
DA:190,1
LF:121
LH:71
BRDA:2,1,0,1
BRDA:2,1,1,1
BRDA:2,1,2,1
BRDA:3,2,0,5
BRDA:3,2,1,5
BRDA:6,3,0,5
BRDA:6,3,1,5
BRDA:30,4,0,0
BRDA:30,4,1,0
BRDA:36,5,0,0
BRDA:36,5,1,0
BRDA:77,6,0,1
BRDA:77,6,1,0
BRDA:85,7,0,1
BRDA:85,7,1,0
BRDA:86,8,0,0
BRDA:86,8,1,1
BRDA:88,9,0,0
BRDA:88,9,1,0
BRDA:107,10,0,0
BRDA:107,10,1,0
BRDA:107,11,0,0
BRDA:107,11,1,0
BRDA:117,12,0,0
BRDA:117,12,1,0
BRDA:117,13,0,0
BRDA:117,13,1,0
BRDA:131,14,0,1
BRDA:131,14,1,4
BRDA:144,15,0,1
BRDA:144,15,1,0
BRDA:169,16,0,0
BRDA:169,16,1,2
BRDA:169,17,0,2
BRDA:169,17,1,0
BRDA:170,18,0,0
BRDA:170,18,1,0
BRDA:174,19,0,0
BRDA:174,19,1,0
BRDA:185,20,0,2
BRDA:185,20,1,0
BRF:41
BRH:16
end_of_record
TN:
SF:D:\MyProject\mlyknown\tiny-entity\entityObject.js
FN:3,(anonymous_1)
FN:5,(anonymous_2)
FN:6,(anonymous_3)
FN:7,(anonymous_4)
FN:8,(anonymous_5)
FN:9,(anonymous_6)
FN:10,(anonymous_7)
FN:13,(anonymous_8)
FN:14,(anonymous_9)
FN:15,(anonymous_10)
FN:16,(anonymous_11)
FN:17,(anonymous_12)
FN:18,(anonymous_13)
FN:19,(anonymous_14)
FN:20,(anonymous_15)
FN:21,(anonymous_16)
FNF:16
FNH:1
FNDA:3,(anonymous_1)
FNDA:0,(anonymous_2)
FNDA:0,(anonymous_3)
FNDA:0,(anonymous_4)
FNDA:0,(anonymous_5)
FNDA:0,(anonymous_6)
FNDA:0,(anonymous_7)
FNDA:0,(anonymous_8)
FNDA:0,(anonymous_9)
FNDA:0,(anonymous_10)
FNDA:0,(anonymous_11)
FNDA:0,(anonymous_12)
FNDA:0,(anonymous_13)
FNDA:0,(anonymous_14)
FNDA:0,(anonymous_15)
FNDA:0,(anonymous_16)
DA:5,0
DA:6,0
DA:7,0
DA:8,0
DA:9,0
DA:11,0
DA:13,0
DA:14,0
DA:15,0
DA:16,0
DA:17,0
DA:18,0
DA:19,0
DA:20,0
DA:21,0
DA:23,1
LF:16
LH:1
BRF:0
BRH:0
end_of_record
